[INFO ] 2023-11-17 09:19:40.139 [main] CustomerClientController - Customer Client Test Info message
[INFO ] 2023-11-17 11:30:35.929 [main] CustomerClientController - Customer Client Test Info message
[INFO ] 2023-11-17 11:30:38.021 [main] Login - Login Components initialized
[INFO ] 2023-11-17 11:30:38.025 [main] Login - Compenents added to Panel
[INFO ] 2023-11-17 11:30:38.027 [main] Login - Panel added to Frame
[INFO ] 2023-11-17 11:30:38.894 [main] Login - Window Prperties set
[INFO ] 2023-11-17 11:30:38.915 [main] Login - Login Page Listeners initialized
[INFO ] 2023-11-17 11:30:38.915 [main] Login - Login Page created
[ERROR] 2023-11-17 11:30:38.944 [main] CustomerClientController - Employee Client failed to establish connection: Connection refused
[INFO ] 2023-11-17 11:31:25.560 [main] CustomerClientController - Customer Client Test Info message
[INFO ] 2023-11-17 11:31:26.234 [main] Login - Login Components initialized
[INFO ] 2023-11-17 11:31:26.237 [main] Login - Compenents added to Panel
[INFO ] 2023-11-17 11:31:26.238 [main] Login - Panel added to Frame
[INFO ] 2023-11-17 11:31:26.919 [main] Login - Window Prperties set
[INFO ] 2023-11-17 11:31:26.936 [main] Login - Login Page Listeners initialized
[INFO ] 2023-11-17 11:31:26.936 [main] Login - Login Page created
[INFO ] 2023-11-17 11:31:26.956 [main] CustomerClientController - Employee Client established connection
[INFO ] 2023-11-17 11:31:26.986 [main] CustomerClientController - Employee Client streams initialized
[INFO ] 2023-11-17 11:31:26.986 [main] CustomerClientController - Customer Client initialized
[INFO ] 2023-11-17 11:31:35.703 [AWT-EventQueue-0] CustomerClientController - Page cleared
[INFO ] 2023-11-17 11:31:35.730 [AWT-EventQueue-0] SignUp - Sign Up Components initialized
[INFO ] 2023-11-17 11:31:35.734 [AWT-EventQueue-0] SignUp - Compenets added to Panel
[INFO ] 2023-11-17 11:31:35.736 [AWT-EventQueue-0] SignUp - Panel added to Frame
[INFO ] 2023-11-17 11:31:35.754 [AWT-EventQueue-0] SignUp - Window Properties set
[INFO ] 2023-11-17 11:31:35.758 [AWT-EventQueue-0] SignUp - Sign Up Page created
[INFO ] 2023-11-17 11:31:35.759 [AWT-EventQueue-0] CustomerClientController - Sign up page displayed
[INFO ] 2023-11-17 11:32:09.286 [AWT-EventQueue-0] Customer - Input accepted, Customer initialized
[INFO ] 2023-11-17 11:32:09.291 [AWT-EventQueue-0] CustomerClientController - Action sent to Server
[INFO ] 2023-11-17 11:32:09.294 [AWT-EventQueue-0] CustomerClientController - Customer sent to Server
[ERROR] 2023-11-17 11:32:09.440 [AWT-EventQueue-0] CustomerClientController - Failed to recieve response: null
[INFO ] 2023-11-17 11:32:11.558 [AWT-EventQueue-0] Login - Login Components initialized
[INFO ] 2023-11-17 11:32:11.559 [AWT-EventQueue-0] Login - Compenents added to Panel
[INFO ] 2023-11-17 11:32:11.559 [AWT-EventQueue-0] Login - Panel added to Frame
[INFO ] 2023-11-17 11:32:11.585 [AWT-EventQueue-0] Login - Window Prperties set
[INFO ] 2023-11-17 11:32:11.586 [AWT-EventQueue-0] Login - Login Page Listeners initialized
[INFO ] 2023-11-17 11:32:11.586 [AWT-EventQueue-0] Login - Login Page created
[INFO ] 2023-11-17 11:32:11.587 [AWT-EventQueue-0] CustomerClientController - Returned to Login page
[INFO ] 2023-11-17 11:32:20.222 [AWT-EventQueue-0] CustomerClientController - Action sent to Server
[ERROR] 2023-11-17 11:32:20.245 [AWT-EventQueue-0] CustomerClientController - Error Sending username Broken pipe
[ERROR] 2023-11-17 11:32:20.246 [AWT-EventQueue-0] CustomerClientController - Failed to recieve response: null
[INFO ] 2023-11-17 11:37:00.247 [main] CustomerClientController - Customer Client Test Info message
[INFO ] 2023-11-17 11:37:01.933 [main] Login - Login Components initialized
[INFO ] 2023-11-17 11:37:01.936 [main] Login - Compenents added to Panel
[INFO ] 2023-11-17 11:37:01.937 [main] Login - Panel added to Frame
[INFO ] 2023-11-17 11:37:02.676 [main] Login - Window Prperties set
[INFO ] 2023-11-17 11:37:02.693 [main] Login - Login Page Listeners initialized
[INFO ] 2023-11-17 11:37:02.693 [main] Login - Login Page created
[INFO ] 2023-11-17 11:37:02.712 [main] CustomerClientController - Employee Client established connection
[INFO ] 2023-11-17 11:37:02.749 [main] CustomerClientController - Employee Client streams initialized
[INFO ] 2023-11-17 11:37:02.750 [main] CustomerClientController - Customer Client initialized
[INFO ] 2023-11-17 11:37:07.052 [AWT-EventQueue-0] CustomerClientController - Page cleared
[INFO ] 2023-11-17 11:37:07.077 [AWT-EventQueue-0] SignUp - Sign Up Components initialized
[INFO ] 2023-11-17 11:37:07.079 [AWT-EventQueue-0] SignUp - Compenets added to Panel
[INFO ] 2023-11-17 11:37:07.081 [AWT-EventQueue-0] SignUp - Panel added to Frame
[INFO ] 2023-11-17 11:37:07.091 [AWT-EventQueue-0] SignUp - Window Properties set
[INFO ] 2023-11-17 11:37:07.098 [AWT-EventQueue-0] SignUp - Sign Up Page created
[INFO ] 2023-11-17 11:37:07.098 [AWT-EventQueue-0] CustomerClientController - Sign up page displayed
[INFO ] 2023-11-17 11:37:10.283 [AWT-EventQueue-0] Login - Login Components initialized
[INFO ] 2023-11-17 11:37:10.286 [AWT-EventQueue-0] Login - Compenents added to Panel
[INFO ] 2023-11-17 11:37:10.287 [AWT-EventQueue-0] Login - Panel added to Frame
[INFO ] 2023-11-17 11:37:10.310 [AWT-EventQueue-0] Login - Window Prperties set
[INFO ] 2023-11-17 11:37:10.310 [AWT-EventQueue-0] Login - Login Page Listeners initialized
[INFO ] 2023-11-17 11:37:10.311 [AWT-EventQueue-0] Login - Login Page created
[INFO ] 2023-11-17 11:37:10.311 [AWT-EventQueue-0] CustomerClientController - Returned to Login page
[INFO ] 2023-11-17 11:37:13.951 [AWT-EventQueue-0] CustomerClientController - Action sent to Server
[INFO ] 2023-11-17 11:37:13.952 [AWT-EventQueue-0] CustomerClientController - Username sent to server
[ERROR] 2023-11-17 11:37:14.077 [AWT-EventQueue-0] CustomerClientController - Failed to recieve response: null
[INFO ] 2023-11-17 11:41:13.928 [main] CustomerClientController - Customer Client Test Info message
[INFO ] 2023-11-17 11:41:14.592 [main] Login - Login Components initialized
[INFO ] 2023-11-17 11:41:14.594 [main] Login - Compenents added to Panel
[INFO ] 2023-11-17 11:41:14.595 [main] Login - Panel added to Frame
[INFO ] 2023-11-17 11:41:15.212 [main] Login - Window Prperties set
[INFO ] 2023-11-17 11:41:15.228 [main] Login - Login Page Listeners initialized
[INFO ] 2023-11-17 11:41:15.228 [main] Login - Login Page created
[INFO ] 2023-11-17 11:41:15.248 [main] CustomerClientController - Employee Client established connection
[INFO ] 2023-11-17 11:41:15.261 [main] CustomerClientController - Employee Client streams initialized
[INFO ] 2023-11-17 11:41:15.261 [main] CustomerClientController - Customer Client initialized
[INFO ] 2023-11-17 11:41:22.159 [AWT-EventQueue-0] CustomerClientController - Page cleared
[INFO ] 2023-11-17 11:41:22.180 [AWT-EventQueue-0] SignUp - Sign Up Components initialized
[INFO ] 2023-11-17 11:41:22.182 [AWT-EventQueue-0] SignUp - Compenets added to Panel
[INFO ] 2023-11-17 11:41:22.183 [AWT-EventQueue-0] SignUp - Panel added to Frame
[INFO ] 2023-11-17 11:41:22.199 [AWT-EventQueue-0] SignUp - Window Properties set
[INFO ] 2023-11-17 11:41:22.203 [AWT-EventQueue-0] SignUp - Sign Up Page created
[INFO ] 2023-11-17 11:41:22.204 [AWT-EventQueue-0] CustomerClientController - Sign up page displayed
[INFO ] 2023-11-17 11:41:37.011 [AWT-EventQueue-0] Customer - Input accepted, Customer initialized
[INFO ] 2023-11-17 11:41:37.017 [AWT-EventQueue-0] CustomerClientController - Action sent to Server
[INFO ] 2023-11-17 11:41:37.020 [AWT-EventQueue-0] CustomerClientController - Customer sent to Server
[ERROR] 2023-11-17 11:41:41.854 [AWT-EventQueue-0] CustomerClientController - Failed to recieve response: null
[INFO ] 2023-11-17 11:41:50.709 [AWT-EventQueue-0] Login - Login Components initialized
[INFO ] 2023-11-17 11:41:50.710 [AWT-EventQueue-0] Login - Compenents added to Panel
[INFO ] 2023-11-17 11:41:50.710 [AWT-EventQueue-0] Login - Panel added to Frame
[INFO ] 2023-11-17 11:41:50.741 [AWT-EventQueue-0] Login - Window Prperties set
[INFO ] 2023-11-17 11:41:50.742 [AWT-EventQueue-0] Login - Login Page Listeners initialized
[INFO ] 2023-11-17 11:41:50.742 [AWT-EventQueue-0] Login - Login Page created
[INFO ] 2023-11-17 11:41:50.744 [AWT-EventQueue-0] CustomerClientController - Returned to Login page
[INFO ] 2023-11-17 11:41:54.817 [AWT-EventQueue-0] CustomerClientController - Action sent to Server
[ERROR] 2023-11-17 11:41:54.839 [AWT-EventQueue-0] CustomerClientController - Error Sending username Broken pipe
[ERROR] 2023-11-17 11:41:54.841 [AWT-EventQueue-0] CustomerClientController - Failed to recieve response: null
[INFO ] 2023-11-17 12:05:53.423 [main] CustomerClientController - Customer Client Test Info message
[INFO ] 2023-11-17 12:05:54.480 [main] Login - Login Components initialized
[INFO ] 2023-11-17 12:05:54.483 [main] Login - Compenents added to Panel
[INFO ] 2023-11-17 12:05:54.484 [main] Login - Panel added to Frame
[INFO ] 2023-11-17 12:05:55.377 [main] Login - Window Prperties set
[INFO ] 2023-11-17 12:05:55.396 [main] Login - Login Page Listeners initialized
[INFO ] 2023-11-17 12:05:55.396 [main] Login - Login Page created
[INFO ] 2023-11-17 12:05:55.423 [main] CustomerClientController - Employee Client established connection
[INFO ] 2023-11-17 12:05:55.449 [main] CustomerClientController - Employee Client streams initialized
[INFO ] 2023-11-17 12:05:55.450 [main] CustomerClientController - Customer Client initialized
[INFO ] 2023-11-17 12:06:06.446 [AWT-EventQueue-0] CustomerClientController - Page cleared
[INFO ] 2023-11-17 12:06:06.471 [AWT-EventQueue-0] SignUp - Sign Up Components initialized
[INFO ] 2023-11-17 12:06:06.473 [AWT-EventQueue-0] SignUp - Compenets added to Panel
[INFO ] 2023-11-17 12:06:06.475 [AWT-EventQueue-0] SignUp - Panel added to Frame
[INFO ] 2023-11-17 12:06:06.500 [AWT-EventQueue-0] SignUp - Window Properties set
[INFO ] 2023-11-17 12:06:06.505 [AWT-EventQueue-0] SignUp - Sign Up Page created
[INFO ] 2023-11-17 12:06:06.505 [AWT-EventQueue-0] CustomerClientController - Sign up page displayed
[INFO ] 2023-11-17 12:06:17.661 [AWT-EventQueue-0] Customer - Input accepted, Customer initialized
[INFO ] 2023-11-17 12:06:17.667 [AWT-EventQueue-0] CustomerClientController - Action sent to Server
[INFO ] 2023-11-17 12:06:17.670 [AWT-EventQueue-0] CustomerClientController - Customer sent to Server
[INFO ] 2023-11-17 12:06:22.008 [AWT-EventQueue-0] CustomerClientController - Customer Record added to Database
[INFO ] 2023-11-17 12:06:23.126 [AWT-EventQueue-0] Login - Login Components initialized
[INFO ] 2023-11-17 12:06:23.127 [AWT-EventQueue-0] Login - Compenents added to Panel
[INFO ] 2023-11-17 12:06:23.128 [AWT-EventQueue-0] Login - Panel added to Frame
[INFO ] 2023-11-17 12:06:23.159 [AWT-EventQueue-0] Login - Window Prperties set
[INFO ] 2023-11-17 12:06:23.159 [AWT-EventQueue-0] Login - Login Page Listeners initialized
[INFO ] 2023-11-17 12:06:23.159 [AWT-EventQueue-0] Login - Login Page created
[INFO ] 2023-11-17 12:06:23.159 [AWT-EventQueue-0] CustomerClientController - Returned to Login page
[INFO ] 2023-11-17 12:06:55.814 [AWT-EventQueue-0] CustomerClientController - Action sent to Server
[INFO ] 2023-11-17 12:06:55.817 [AWT-EventQueue-0] CustomerClientController - Username sent to server
[INFO ] 2023-11-17 12:06:55.945 [AWT-EventQueue-0] Customer - Customer ID returned
[INFO ] 2023-11-17 12:06:55.949 [AWT-EventQueue-0] CustomerClientController - Page cleared
[INFO ] 2023-11-17 12:06:56.182 [AWT-EventQueue-0] DashBoard - Customer Dashboard components initialized
[INFO ] 2023-11-17 12:06:56.196 [AWT-EventQueue-0] DashBoard - Items added to Account and Cart Menus
[INFO ] 2023-11-17 12:06:56.197 [AWT-EventQueue-0] DashBoard - Account and Cart Menus added to Menu Bar
[INFO ] 2023-11-17 12:06:56.197 [AWT-EventQueue-0] DashBoard - Tree Structure created
[INFO ] 2023-11-17 12:06:56.215 [AWT-EventQueue-0] DashBoard - Nodes added to Tree
[INFO ] 2023-11-17 12:06:56.224 [AWT-EventQueue-0] DashBoard - Components added to Window
[INFO ] 2023-11-17 12:06:56.259 [AWT-EventQueue-0] DashBoard - Window Properties set
[INFO ] 2023-11-17 12:06:56.262 [AWT-EventQueue-0] DashBoard - Customer Dashboard created
[INFO ] 2023-11-17 12:06:56.263 [AWT-EventQueue-0] CustomerClientController - Customer logged in, Dashboard displayed
[INFO ] 2023-11-17 12:07:04.895 [AWT-EventQueue-0] CustomerClientController - Action sent to Server
[INFO ] 2023-11-17 12:07:07.252 [AWT-EventQueue-0] DashBoard - Customer Dashboard Listeners initialized
[INFO ] 2023-11-17 12:07:10.722 [AWT-EventQueue-0] DashBoard - Customer Dashboard Listeners initialized
[INFO ] 2023-11-17 12:07:13.737 [AWT-EventQueue-0] CustomerClientController - Action sent to Server
[INFO ] 2023-11-17 12:07:21.311 [AWT-EventQueue-0] DashBoard - Customer Dashboard Listeners initialized
[INFO ] 2023-11-17 12:38:27.313 [main] CustomerClientController - Customer Client Test Info message
[INFO ] 2023-11-17 12:38:29.439 [main] Login - Login Components initialized
[INFO ] 2023-11-17 12:38:29.442 [main] Login - Compenents added to Panel
[INFO ] 2023-11-17 12:38:29.443 [main] Login - Panel added to Frame
[INFO ] 2023-11-17 12:38:30.288 [main] Login - Window Prperties set
[INFO ] 2023-11-17 12:38:30.304 [main] Login - Login Page Listeners initialized
[INFO ] 2023-11-17 12:38:30.305 [main] Login - Login Page created
[INFO ] 2023-11-17 12:38:30.327 [main] CustomerClientController - Employee Client established connection
[INFO ] 2023-11-17 12:38:30.352 [main] CustomerClientController - Employee Client streams initialized
[INFO ] 2023-11-17 12:38:30.352 [main] CustomerClientController - Customer Client initialized
[INFO ] 2023-11-17 12:38:37.118 [AWT-EventQueue-0] CustomerClientController - Page cleared
[INFO ] 2023-11-17 12:38:37.138 [AWT-EventQueue-0] SignUp - Sign Up Components initialized
[INFO ] 2023-11-17 12:38:37.140 [AWT-EventQueue-0] SignUp - Compenets added to Panel
[INFO ] 2023-11-17 12:38:37.144 [AWT-EventQueue-0] SignUp - Panel added to Frame
[INFO ] 2023-11-17 12:38:37.156 [AWT-EventQueue-0] SignUp - Window Properties set
[INFO ] 2023-11-17 12:38:37.162 [AWT-EventQueue-0] SignUp - Sign Up Page created
[INFO ] 2023-11-17 12:38:37.162 [AWT-EventQueue-0] CustomerClientController - Sign up page displayed
[INFO ] 2023-11-17 12:38:51.042 [AWT-EventQueue-0] Login - Login Components initialized
[INFO ] 2023-11-17 12:38:51.044 [AWT-EventQueue-0] Login - Compenents added to Panel
[INFO ] 2023-11-17 12:38:51.045 [AWT-EventQueue-0] Login - Panel added to Frame
[INFO ] 2023-11-17 12:38:51.082 [AWT-EventQueue-0] Login - Window Prperties set
[INFO ] 2023-11-17 12:38:51.082 [AWT-EventQueue-0] Login - Login Page Listeners initialized
[INFO ] 2023-11-17 12:38:51.082 [AWT-EventQueue-0] Login - Login Page created
[INFO ] 2023-11-17 12:38:51.082 [AWT-EventQueue-0] CustomerClientController - Returned to Login page
[INFO ] 2023-11-17 12:38:54.906 [AWT-EventQueue-0] CustomerClientController - Action sent to Server
[INFO ] 2023-11-17 12:38:54.907 [AWT-EventQueue-0] CustomerClientController - Username sent to server
[INFO ] 2023-11-17 12:39:31.874 [AWT-EventQueue-0] CustomerClientController - Customer not found from database
[INFO ] 2023-11-17 12:39:59.979 [AWT-EventQueue-0] CustomerClientController - Action sent to Server
[INFO ] 2023-11-17 12:39:59.981 [AWT-EventQueue-0] CustomerClientController - Username sent to server
[ERROR] 2023-11-17 12:40:00.170 [AWT-EventQueue-0] CustomerClientController - Failed to recieve response: models.Customer; local class incompatible: stream classdesc serialVersionUID = 1, local class serialVersionUID = 5533919502835740127
[INFO ] 2023-11-17 12:40:29.548 [AWT-EventQueue-0] CustomerClientController - Action sent to Server
[INFO ] 2023-11-17 12:40:29.551 [AWT-EventQueue-0] CustomerClientController - Username sent to server
[ERROR] 2023-11-17 12:40:29.557 [AWT-EventQueue-0] CustomerClientController - Class Cast exception: class java.lang.String cannot be cast to class java.lang.Boolean (java.lang.String and java.lang.Boolean are in module java.base of loader 'bootstrap')
[INFO ] 2023-11-17 12:44:06.141 [main] CustomerClientController - Customer Client Test Info message
[INFO ] 2023-11-17 12:44:07.769 [main] Login - Login Components initialized
[INFO ] 2023-11-17 12:44:07.771 [main] Login - Compenents added to Panel
[INFO ] 2023-11-17 12:44:07.773 [main] Login - Panel added to Frame
[INFO ] 2023-11-17 12:44:08.604 [main] Login - Window Prperties set
[INFO ] 2023-11-17 12:44:08.621 [main] Login - Login Page Listeners initialized
[INFO ] 2023-11-17 12:44:08.622 [main] Login - Login Page created
[INFO ] 2023-11-17 12:44:08.647 [main] CustomerClientController - Employee Client established connection
[INFO ] 2023-11-17 12:44:08.678 [main] CustomerClientController - Employee Client streams initialized
[INFO ] 2023-11-17 12:44:08.678 [main] CustomerClientController - Customer Client initialized
[INFO ] 2023-11-17 12:44:17.122 [AWT-EventQueue-0] CustomerClientController - Action sent to Server
[INFO ] 2023-11-17 12:44:17.123 [AWT-EventQueue-0] CustomerClientController - Username sent to server
[INFO ] 2023-11-17 12:44:20.039 [AWT-EventQueue-0] Customer - Customer ID returned
[INFO ] 2023-11-17 12:44:20.048 [AWT-EventQueue-0] CustomerClientController - Page cleared
[INFO ] 2023-11-17 12:44:20.380 [AWT-EventQueue-0] DashBoard - Customer Dashboard components initialized
[INFO ] 2023-11-17 12:44:20.390 [AWT-EventQueue-0] DashBoard - Items added to Account and Cart Menus
[INFO ] 2023-11-17 12:44:20.394 [AWT-EventQueue-0] DashBoard - Account and Cart Menus added to Menu Bar
[INFO ] 2023-11-17 12:44:20.395 [AWT-EventQueue-0] DashBoard - Tree Structure created
[INFO ] 2023-11-17 12:44:20.412 [AWT-EventQueue-0] DashBoard - Nodes added to Tree
[INFO ] 2023-11-17 12:44:20.423 [AWT-EventQueue-0] DashBoard - Components added to Window
[INFO ] 2023-11-17 12:44:20.466 [AWT-EventQueue-0] DashBoard - Window Properties set
[INFO ] 2023-11-17 12:44:20.470 [AWT-EventQueue-0] DashBoard - Customer Dashboard created
[INFO ] 2023-11-17 12:44:20.471 [AWT-EventQueue-0] CustomerClientController - Customer logged in, Dashboard displayed
[INFO ] 2023-11-17 12:44:29.514 [AWT-EventQueue-0] CustomerClientController - Action sent to Server
[INFO ] 2023-11-17 12:44:32.897 [AWT-EventQueue-0] DashBoard - Customer Dashboard Listeners initialized
[INFO ] 2023-11-17 12:44:38.793 [AWT-EventQueue-0] DashBoard - Customer Dashboard Listeners initialized
[INFO ] 2023-11-17 12:44:40.476 [AWT-EventQueue-0] CustomerClientController - Action sent to Server
[INFO ] 2023-11-17 12:44:42.351 [AWT-EventQueue-0] DashBoard - Customer Dashboard Listeners initialized
[INFO ] 2023-11-17 12:46:43.916 [AWT-EventQueue-0] DashBoard - Customer Dashboard Listeners initialized
[INFO ] 2023-11-17 12:46:44.632 [AWT-EventQueue-0] CustomerClientController - Action sent to Server
[INFO ] 2023-11-17 12:46:46.381 [AWT-EventQueue-0] Equipment - Equipment Name returned
[INFO ] 2023-11-17 12:46:46.381 [AWT-EventQueue-0] Equipment - Equipment Status returned
[INFO ] 2023-11-17 12:46:46.381 [AWT-EventQueue-0] Equipment - Equipment Rental Rate returned
[INFO ] 2023-11-17 12:46:46.381 [AWT-EventQueue-0] Equipment - Equipment Description returned
[INFO ] 2023-11-17 12:46:46.381 [AWT-EventQueue-0] Equipment - Equipment Name returned
[INFO ] 2023-11-17 12:46:46.382 [AWT-EventQueue-0] Equipment - Equipment Status returned
[INFO ] 2023-11-17 12:46:46.382 [AWT-EventQueue-0] Equipment - Equipment Rental Rate returned
[INFO ] 2023-11-17 12:46:46.382 [AWT-EventQueue-0] Equipment - Equipment Description returned
[INFO ] 2023-11-17 12:46:46.382 [AWT-EventQueue-0] DashBoard - Customer Dashboard Listeners initialized
[INFO ] 2023-11-17 12:47:27.199 [AWT-EventQueue-0] DashBoard - Customer Dashboard Listeners initialized
[INFO ] 2023-11-17 12:47:28.277 [AWT-EventQueue-0] DashBoard - Customer Dashboard Listeners initialized
[INFO ] 2023-11-17 12:47:29.144 [AWT-EventQueue-0] CustomerClientController - Action sent to Server
[INFO ] 2023-11-17 12:47:30.853 [AWT-EventQueue-0] Equipment - Equipment Name returned
[INFO ] 2023-11-17 12:47:30.853 [AWT-EventQueue-0] Equipment - Equipment Status returned
[INFO ] 2023-11-17 12:47:30.853 [AWT-EventQueue-0] Equipment - Equipment Rental Rate returned
[INFO ] 2023-11-17 12:47:30.854 [AWT-EventQueue-0] Equipment - Equipment Description returned
[INFO ] 2023-11-17 12:47:30.855 [AWT-EventQueue-0] Equipment - Equipment Name returned
[INFO ] 2023-11-17 12:47:30.856 [AWT-EventQueue-0] Equipment - Equipment Status returned
[INFO ] 2023-11-17 12:47:30.856 [AWT-EventQueue-0] Equipment - Equipment Rental Rate returned
[INFO ] 2023-11-17 12:47:30.856 [AWT-EventQueue-0] Equipment - Equipment Description returned
[INFO ] 2023-11-17 12:47:30.857 [AWT-EventQueue-0] DashBoard - Customer Dashboard Listeners initialized
[INFO ] 2023-11-17 12:50:14.172 [main] CustomerClientController - Customer Client Test Info message
[INFO ] 2023-11-17 12:50:15.234 [main] Login - Login Components initialized
[INFO ] 2023-11-17 12:50:15.236 [main] Login - Compenents added to Panel
[INFO ] 2023-11-17 12:50:15.237 [main] Login - Panel added to Frame
[INFO ] 2023-11-17 12:50:16.078 [main] Login - Window Prperties set
[INFO ] 2023-11-17 12:50:16.103 [main] Login - Login Page Listeners initialized
[INFO ] 2023-11-17 12:50:16.103 [main] Login - Login Page created
[INFO ] 2023-11-17 12:50:16.130 [main] CustomerClientController - Employee Client established connection
[INFO ] 2023-11-17 12:50:16.146 [main] CustomerClientController - Employee Client streams initialized
[INFO ] 2023-11-17 12:50:16.147 [main] CustomerClientController - Customer Client initialized
[INFO ] 2023-11-17 12:50:23.602 [AWT-EventQueue-0] CustomerClientController - Action sent to Server
[INFO ] 2023-11-17 12:50:23.605 [AWT-EventQueue-0] CustomerClientController - Username sent to server
[INFO ] 2023-11-17 12:50:26.248 [AWT-EventQueue-0] Customer - Customer ID returned
[INFO ] 2023-11-17 12:50:26.253 [AWT-EventQueue-0] CustomerClientController - Page cleared
[INFO ] 2023-11-17 12:50:26.552 [AWT-EventQueue-0] DashBoard - Customer Dashboard components initialized
[INFO ] 2023-11-17 12:50:26.565 [AWT-EventQueue-0] DashBoard - Items added to Account and Cart Menus
[INFO ] 2023-11-17 12:50:26.567 [AWT-EventQueue-0] DashBoard - Account and Cart Menus added to Menu Bar
[INFO ] 2023-11-17 12:50:26.568 [AWT-EventQueue-0] DashBoard - Tree Structure created
[INFO ] 2023-11-17 12:50:26.590 [AWT-EventQueue-0] DashBoard - Nodes added to Tree
[INFO ] 2023-11-17 12:50:26.599 [AWT-EventQueue-0] DashBoard - Components added to Window
[INFO ] 2023-11-17 12:50:26.636 [AWT-EventQueue-0] DashBoard - Window Properties set
[INFO ] 2023-11-17 12:50:26.642 [AWT-EventQueue-0] DashBoard - Customer Dashboard created
[INFO ] 2023-11-17 12:50:26.642 [AWT-EventQueue-0] CustomerClientController - Customer logged in, Dashboard displayed
[INFO ] 2023-11-17 12:50:30.296 [AWT-EventQueue-0] CustomerClientController - Action sent to Server
[INFO ] 2023-11-17 12:50:32.227 [AWT-EventQueue-0] Equipment - Equipment Name returned
[INFO ] 2023-11-17 12:50:32.228 [AWT-EventQueue-0] Equipment - Equipment Status returned
[INFO ] 2023-11-17 12:50:32.228 [AWT-EventQueue-0] Equipment - Equipment Rental Rate returned
[INFO ] 2023-11-17 12:50:32.228 [AWT-EventQueue-0] Equipment - Equipment Description returned
[INFO ] 2023-11-17 12:50:32.228 [AWT-EventQueue-0] Equipment - Equipment Name returned
[INFO ] 2023-11-17 12:50:32.228 [AWT-EventQueue-0] Equipment - Equipment Status returned
[INFO ] 2023-11-17 12:50:32.229 [AWT-EventQueue-0] Equipment - Equipment Rental Rate returned
[INFO ] 2023-11-17 12:50:32.229 [AWT-EventQueue-0] Equipment - Equipment Description returned
[INFO ] 2023-11-17 12:50:32.231 [AWT-EventQueue-0] DashBoard - Customer Dashboard Listeners initialized
[INFO ] 2023-11-17 13:13:07.129 [main] CustomerClientController - Customer Client Test Info message
[INFO ] 2023-11-17 13:13:09.208 [main] Login - Login Components initialized
[INFO ] 2023-11-17 13:13:09.210 [main] Login - Compenents added to Panel
[INFO ] 2023-11-17 13:13:09.211 [main] Login - Panel added to Frame
[INFO ] 2023-11-17 13:13:10.075 [main] Login - Window Prperties set
[INFO ] 2023-11-17 13:13:10.096 [main] Login - Login Page Listeners initialized
[INFO ] 2023-11-17 13:13:10.097 [main] Login - Login Page created
[INFO ] 2023-11-17 13:13:10.115 [main] CustomerClientController - Employee Client established connection
[INFO ] 2023-11-17 13:13:10.132 [main] CustomerClientController - Employee Client streams initialized
[INFO ] 2023-11-17 13:13:10.132 [main] CustomerClientController - Customer Client initialized
[INFO ] 2023-11-17 13:13:16.910 [AWT-EventQueue-0] CustomerClientController - Action sent to Server
[INFO ] 2023-11-17 13:13:16.911 [AWT-EventQueue-0] CustomerClientController - Username sent to server
[INFO ] 2023-11-17 13:13:19.710 [AWT-EventQueue-0] Customer - Customer ID returned
[INFO ] 2023-11-17 13:13:19.722 [AWT-EventQueue-0] CustomerClientController - Page cleared
[INFO ] 2023-11-17 13:13:19.961 [AWT-EventQueue-0] DashBoard - Customer Dashboard components initialized
[INFO ] 2023-11-17 13:13:19.973 [AWT-EventQueue-0] DashBoard - Items added to Account and Cart Menus
[INFO ] 2023-11-17 13:13:19.978 [AWT-EventQueue-0] DashBoard - Account and Cart Menus added to Menu Bar
[INFO ] 2023-11-17 13:13:19.978 [AWT-EventQueue-0] DashBoard - Tree Structure created
[INFO ] 2023-11-17 13:13:19.998 [AWT-EventQueue-0] DashBoard - Nodes added to Tree
[INFO ] 2023-11-17 13:13:20.007 [AWT-EventQueue-0] DashBoard - Components added to Window
[INFO ] 2023-11-17 13:13:20.048 [AWT-EventQueue-0] DashBoard - Window Properties set
[INFO ] 2023-11-17 13:13:20.054 [AWT-EventQueue-0] DashBoard - Customer Dashboard created
[INFO ] 2023-11-17 13:13:20.054 [AWT-EventQueue-0] CustomerClientController - Customer logged in, Dashboard displayed
[INFO ] 2023-11-17 13:13:23.898 [AWT-EventQueue-0] DashBoard - Customer Dashboard Listeners initialized
[INFO ] 2023-11-17 13:13:24.762 [AWT-EventQueue-0] CustomerClientController - Action sent to Server
[INFO ] 2023-11-17 13:13:26.658 [AWT-EventQueue-0] Equipment - Equipment Name returned
[INFO ] 2023-11-17 13:13:26.659 [AWT-EventQueue-0] Equipment - Equipment Status returned
[INFO ] 2023-11-17 13:13:26.659 [AWT-EventQueue-0] Equipment - Equipment Rental Rate returned
[INFO ] 2023-11-17 13:13:26.659 [AWT-EventQueue-0] Equipment - Equipment Description returned
[INFO ] 2023-11-17 13:13:26.659 [AWT-EventQueue-0] Equipment - Equipment Name returned
[INFO ] 2023-11-17 13:13:26.660 [AWT-EventQueue-0] Equipment - Equipment Status returned
[INFO ] 2023-11-17 13:13:26.660 [AWT-EventQueue-0] Equipment - Equipment Rental Rate returned
[INFO ] 2023-11-17 13:13:26.660 [AWT-EventQueue-0] Equipment - Equipment Description returned
[INFO ] 2023-11-17 13:13:26.664 [AWT-EventQueue-0] DashBoard - Customer Dashboard Listeners initialized
[INFO ] 2023-11-17 13:13:29.146 [AWT-EventQueue-0] DashBoard - Customer Dashboard Listeners initialized
[INFO ] 2023-11-17 13:13:30.359 [AWT-EventQueue-0] DashBoard - Customer Dashboard Listeners initialized
[INFO ] 2023-11-17 13:13:32.306 [AWT-EventQueue-0] DashBoard - Customer Dashboard Listeners initialized
[INFO ] 2023-11-17 13:13:33.341 [AWT-EventQueue-0] DashBoard - Customer Dashboard Listeners initialized
[INFO ] 2023-11-17 13:34:20.240 [main] CustomerClientController - Customer Client Test Info message
[INFO ] 2023-11-17 13:34:21.400 [main] Login - Login Components initialized
[INFO ] 2023-11-17 13:34:21.404 [main] Login - Compenents added to Panel
[INFO ] 2023-11-17 13:34:21.405 [main] Login - Panel added to Frame
[INFO ] 2023-11-17 13:34:22.265 [main] Login - Window Prperties set
[INFO ] 2023-11-17 13:34:22.287 [main] Login - Login Page Listeners initialized
[INFO ] 2023-11-17 13:34:22.288 [main] Login - Login Page created
[INFO ] 2023-11-17 13:34:22.311 [main] CustomerClientController - Employee Client established connection
[INFO ] 2023-11-17 13:34:22.362 [main] CustomerClientController - Employee Client streams initialized
[INFO ] 2023-11-17 13:34:22.363 [main] CustomerClientController - Customer Client initialized
[INFO ] 2023-11-17 13:34:34.011 [AWT-EventQueue-0] CustomerClientController - Action sent to Server
[INFO ] 2023-11-17 13:34:34.013 [AWT-EventQueue-0] CustomerClientController - Username sent to server
[INFO ] 2023-11-17 13:34:36.440 [AWT-EventQueue-0] Customer - Customer ID returned
[INFO ] 2023-11-17 13:34:36.444 [AWT-EventQueue-0] CustomerClientController - Page cleared
[INFO ] 2023-11-17 13:34:36.678 [AWT-EventQueue-0] DashBoard - Customer Dashboard components initialized
[INFO ] 2023-11-17 13:34:36.691 [AWT-EventQueue-0] DashBoard - Items added to Account and Cart Menus
[INFO ] 2023-11-17 13:34:36.694 [AWT-EventQueue-0] DashBoard - Account and Cart Menus added to Menu Bar
[INFO ] 2023-11-17 13:34:36.695 [AWT-EventQueue-0] DashBoard - Tree Structure created
[INFO ] 2023-11-17 13:34:36.711 [AWT-EventQueue-0] DashBoard - Nodes added to Tree
[INFO ] 2023-11-17 13:34:36.720 [AWT-EventQueue-0] DashBoard - Components added to Window
[INFO ] 2023-11-17 13:34:36.759 [AWT-EventQueue-0] DashBoard - Window Properties set
[INFO ] 2023-11-17 13:34:36.763 [AWT-EventQueue-0] DashBoard - Customer Dashboard created
[INFO ] 2023-11-17 13:34:36.763 [AWT-EventQueue-0] CustomerClientController - Customer logged in, Dashboard displayed
[INFO ] 2023-11-17 13:34:48.990 [AWT-EventQueue-0] CustomerClientController - Action sent to Server
[INFO ] 2023-11-17 13:34:50.634 [AWT-EventQueue-0] Equipment - Equipment Name returned
[INFO ] 2023-11-17 13:34:50.634 [AWT-EventQueue-0] Equipment - Equipment Status returned
[INFO ] 2023-11-17 13:34:50.635 [AWT-EventQueue-0] Equipment - Equipment Rental Rate returned
[INFO ] 2023-11-17 13:34:50.635 [AWT-EventQueue-0] Equipment - Equipment Description returned
[INFO ] 2023-11-17 13:34:50.636 [AWT-EventQueue-0] Equipment - Equipment Name returned
[INFO ] 2023-11-17 13:34:50.636 [AWT-EventQueue-0] Equipment - Equipment Status returned
[INFO ] 2023-11-17 13:34:50.636 [AWT-EventQueue-0] Equipment - Equipment Rental Rate returned
[INFO ] 2023-11-17 13:34:50.636 [AWT-EventQueue-0] Equipment - Equipment Description returned
[INFO ] 2023-11-17 13:35:00.922 [AWT-EventQueue-0] DashBoard - Customer Dashboard Listeners initialized
[INFO ] 2023-11-17 13:45:30.681 [main] CustomerClientController - Customer Client Test Info message
[INFO ] 2023-11-17 13:45:32.885 [main] Login - Login Components initialized
[INFO ] 2023-11-17 13:45:32.888 [main] Login - Compenents added to Panel
[INFO ] 2023-11-17 13:45:32.888 [main] Login - Panel added to Frame
[INFO ] 2023-11-17 13:45:33.735 [main] Login - Window Prperties set
[INFO ] 2023-11-17 13:45:33.754 [main] Login - Login Page Listeners initialized
[INFO ] 2023-11-17 13:45:33.754 [main] Login - Login Page created
[INFO ] 2023-11-17 13:45:33.779 [main] CustomerClientController - Employee Client established connection
[INFO ] 2023-11-17 13:45:33.820 [main] CustomerClientController - Employee Client streams initialized
[INFO ] 2023-11-17 13:45:33.821 [main] CustomerClientController - Customer Client initialized
[INFO ] 2023-11-17 13:45:43.215 [AWT-EventQueue-0] CustomerClientController - Action sent to Server
[INFO ] 2023-11-17 13:45:43.216 [AWT-EventQueue-0] CustomerClientController - Username sent to server
[INFO ] 2023-11-17 13:45:45.641 [AWT-EventQueue-0] Customer - Customer ID returned
[INFO ] 2023-11-17 13:45:45.645 [AWT-EventQueue-0] CustomerClientController - Page cleared
[INFO ] 2023-11-17 13:45:45.880 [AWT-EventQueue-0] DashBoard - Customer Dashboard components initialized
[INFO ] 2023-11-17 13:45:45.892 [AWT-EventQueue-0] DashBoard - Items added to Account and Cart Menus
[INFO ] 2023-11-17 13:45:45.895 [AWT-EventQueue-0] DashBoard - Account and Cart Menus added to Menu Bar
[INFO ] 2023-11-17 13:45:45.896 [AWT-EventQueue-0] DashBoard - Tree Structure created
[INFO ] 2023-11-17 13:45:45.913 [AWT-EventQueue-0] DashBoard - Nodes added to Tree
[INFO ] 2023-11-17 13:45:45.921 [AWT-EventQueue-0] DashBoard - Components added to Window
[INFO ] 2023-11-17 13:45:45.953 [AWT-EventQueue-0] DashBoard - Window Properties set
[INFO ] 2023-11-17 13:45:45.957 [AWT-EventQueue-0] DashBoard - Customer Dashboard created
[INFO ] 2023-11-17 13:45:45.958 [AWT-EventQueue-0] CustomerClientController - Customer logged in, Dashboard displayed
[INFO ] 2023-11-17 13:45:48.615 [AWT-EventQueue-0] CustomerClientController - Action sent to Server
[INFO ] 2023-11-17 13:45:50.177 [AWT-EventQueue-0] Equipment - Equipment Name returned
[INFO ] 2023-11-17 13:45:50.178 [AWT-EventQueue-0] Equipment - Equipment Status returned
[INFO ] 2023-11-17 13:45:50.178 [AWT-EventQueue-0] Equipment - Equipment Rental Rate returned
[INFO ] 2023-11-17 13:45:50.179 [AWT-EventQueue-0] Equipment - Equipment Description returned
[INFO ] 2023-11-17 13:45:50.179 [AWT-EventQueue-0] Equipment - Equipment Name returned
[INFO ] 2023-11-17 13:45:50.179 [AWT-EventQueue-0] Equipment - Equipment Status returned
[INFO ] 2023-11-17 13:45:50.180 [AWT-EventQueue-0] Equipment - Equipment Rental Rate returned
[INFO ] 2023-11-17 13:45:50.180 [AWT-EventQueue-0] Equipment - Equipment Description returned
[INFO ] 2023-11-17 13:45:50.196 [AWT-EventQueue-0] DashBoard - Customer Dashboard Listeners initialized
[INFO ] 2023-11-17 13:47:13.734 [AWT-EventQueue-0] DashBoard - Customer Dashboard Listeners initialized
[INFO ] 2023-11-17 13:47:15.467 [AWT-EventQueue-0] CustomerClientController - Action sent to Server
[INFO ] 2023-11-17 13:47:16.931 [AWT-EventQueue-0] Equipment - Equipment Name returned
[INFO ] 2023-11-17 13:47:16.932 [AWT-EventQueue-0] Equipment - Equipment Status returned
[INFO ] 2023-11-17 13:47:16.932 [AWT-EventQueue-0] Equipment - Equipment Rental Rate returned
[INFO ] 2023-11-17 13:47:16.932 [AWT-EventQueue-0] Equipment - Equipment Description returned
[INFO ] 2023-11-17 13:47:16.932 [AWT-EventQueue-0] Equipment - Equipment Name returned
[INFO ] 2023-11-17 13:47:16.933 [AWT-EventQueue-0] Equipment - Equipment Status returned
[INFO ] 2023-11-17 13:47:16.934 [AWT-EventQueue-0] Equipment - Equipment Rental Rate returned
[INFO ] 2023-11-17 13:47:16.934 [AWT-EventQueue-0] Equipment - Equipment Description returned
[INFO ] 2023-11-17 13:47:16.952 [AWT-EventQueue-0] DashBoard - Customer Dashboard Listeners initialized
[INFO ] 2023-11-17 14:12:05.769 [main] CustomerClientController - Customer Client Test Info message
[INFO ] 2023-11-17 14:12:07.840 [main] Login - Login Components initialized
[INFO ] 2023-11-17 14:12:07.843 [main] Login - Compenents added to Panel
[INFO ] 2023-11-17 14:12:07.845 [main] Login - Panel added to Frame
[INFO ] 2023-11-17 14:12:08.695 [main] Login - Window Prperties set
[INFO ] 2023-11-17 14:12:08.712 [main] Login - Login Page Listeners initialized
[INFO ] 2023-11-17 14:12:08.712 [main] Login - Login Page created
[INFO ] 2023-11-17 14:12:08.736 [main] CustomerClientController - Employee Client established connection
[INFO ] 2023-11-17 14:12:08.758 [main] CustomerClientController - Employee Client streams initialized
[INFO ] 2023-11-17 14:12:08.758 [main] CustomerClientController - Customer Client initialized
[INFO ] 2023-11-17 14:35:21.362 [main] CustomerClientController - Customer Client Test Info message
[INFO ] 2023-11-17 14:35:23.537 [main] Login - Login Components initialized
[INFO ] 2023-11-17 14:35:23.539 [main] Login - Compenents added to Panel
[INFO ] 2023-11-17 14:35:23.539 [main] Login - Panel added to Frame
[INFO ] 2023-11-17 14:35:24.352 [main] Login - Window Prperties set
[INFO ] 2023-11-17 14:35:24.371 [main] Login - Login Page Listeners initialized
[INFO ] 2023-11-17 14:35:24.372 [main] Login - Login Page created
[INFO ] 2023-11-17 14:35:24.390 [main] CustomerClientController - Employee Client established connection
[INFO ] 2023-11-17 14:35:24.406 [main] CustomerClientController - Employee Client streams initialized
[INFO ] 2023-11-17 14:35:24.407 [main] CustomerClientController - Customer Client initialized
[INFO ] 2023-11-17 14:36:54.769 [main] CustomerClientController - Customer Client Test Info message
[INFO ] 2023-11-17 14:36:55.416 [main] Login - Login Components initialized
[INFO ] 2023-11-17 14:36:55.418 [main] Login - Compenents added to Panel
[INFO ] 2023-11-17 14:36:55.419 [main] Login - Panel added to Frame
[INFO ] 2023-11-17 14:36:55.965 [main] Login - Window Prperties set
[INFO ] 2023-11-17 14:36:55.983 [main] Login - Login Page Listeners initialized
[INFO ] 2023-11-17 14:36:55.983 [main] Login - Login Page created
[INFO ] 2023-11-17 14:36:56.002 [main] CustomerClientController - Employee Client established connection
[INFO ] 2023-11-17 14:36:56.013 [main] CustomerClientController - Employee Client streams initialized
[INFO ] 2023-11-17 14:36:56.014 [main] CustomerClientController - Customer Client initialized
[INFO ] 2023-11-17 14:37:05.450 [AWT-EventQueue-0] CustomerClientController - Action sent to Server
[INFO ] 2023-11-17 14:37:05.451 [AWT-EventQueue-0] CustomerClientController - Username sent to server
[INFO ] 2023-11-17 14:37:07.853 [AWT-EventQueue-0] Customer - Customer ID returned
[INFO ] 2023-11-17 14:37:07.858 [AWT-EventQueue-0] CustomerClientController - Page cleared
[INFO ] 2023-11-17 14:37:08.091 [AWT-EventQueue-0] DashBoard - Customer Dashboard components initialized
[INFO ] 2023-11-17 14:37:08.103 [AWT-EventQueue-0] DashBoard - Items added to Account and Cart Menus
[INFO ] 2023-11-17 14:37:08.106 [AWT-EventQueue-0] DashBoard - Account and Cart Menus added to Menu Bar
[INFO ] 2023-11-17 14:37:08.107 [AWT-EventQueue-0] DashBoard - Tree Structure created
[INFO ] 2023-11-17 14:37:08.123 [AWT-EventQueue-0] DashBoard - Nodes added to Tree
[INFO ] 2023-11-17 14:37:08.132 [AWT-EventQueue-0] DashBoard - Components added to Window
[INFO ] 2023-11-17 14:37:08.177 [AWT-EventQueue-0] DashBoard - Window Properties set
[INFO ] 2023-11-17 14:37:08.181 [AWT-EventQueue-0] DashBoard - Customer Dashboard created
[INFO ] 2023-11-17 14:37:08.182 [AWT-EventQueue-0] CustomerClientController - Customer logged in, Dashboard displayed
[INFO ] 2023-11-17 14:39:02.013 [main] CustomerClientController - Customer Client Test Info message
[INFO ] 2023-11-17 14:39:03.591 [main] Login - Login Components initialized
[INFO ] 2023-11-17 14:39:03.594 [main] Login - Compenents added to Panel
[INFO ] 2023-11-17 14:39:03.595 [main] Login - Panel added to Frame
[INFO ] 2023-11-17 14:39:04.149 [main] Login - Window Prperties set
[INFO ] 2023-11-17 14:39:04.164 [main] Login - Login Page Listeners initialized
[INFO ] 2023-11-17 14:39:04.165 [main] Login - Login Page created
[INFO ] 2023-11-17 14:39:04.187 [main] CustomerClientController - Employee Client established connection
[INFO ] 2023-11-17 14:39:04.201 [main] CustomerClientController - Employee Client streams initialized
[INFO ] 2023-11-17 14:39:04.202 [main] CustomerClientController - Customer Client initialized
[INFO ] 2023-11-17 14:39:07.300 [main] CustomerClientController - Customer Client Test Info message
[INFO ] 2023-11-17 14:39:07.898 [main] Login - Login Components initialized
[INFO ] 2023-11-17 14:39:07.900 [main] Login - Compenents added to Panel
[INFO ] 2023-11-17 14:39:07.901 [main] Login - Panel added to Frame
[INFO ] 2023-11-17 14:39:08.431 [main] Login - Window Prperties set
[INFO ] 2023-11-17 14:39:08.445 [main] Login - Login Page Listeners initialized
[INFO ] 2023-11-17 14:39:08.446 [main] Login - Login Page created
[INFO ] 2023-11-17 14:39:08.465 [main] CustomerClientController - Employee Client established connection
[INFO ] 2023-11-17 14:39:08.476 [main] CustomerClientController - Employee Client streams initialized
[INFO ] 2023-11-17 14:39:08.476 [main] CustomerClientController - Customer Client initialized
[INFO ] 2023-11-17 14:39:26.614 [AWT-EventQueue-0] CustomerClientController - Action sent to Server
[INFO ] 2023-11-17 14:39:26.616 [AWT-EventQueue-0] CustomerClientController - Username sent to server
[INFO ] 2023-11-17 14:39:29.197 [AWT-EventQueue-0] Customer - Customer ID returned
[INFO ] 2023-11-17 14:39:29.206 [AWT-EventQueue-0] CustomerClientController - Page cleared
[INFO ] 2023-11-17 14:39:29.438 [AWT-EventQueue-0] DashBoard - Customer Dashboard components initialized
[INFO ] 2023-11-17 14:39:29.449 [AWT-EventQueue-0] DashBoard - Items added to Account and Cart Menus
[INFO ] 2023-11-17 14:39:29.452 [AWT-EventQueue-0] DashBoard - Account and Cart Menus added to Menu Bar
[INFO ] 2023-11-17 14:39:29.453 [AWT-EventQueue-0] DashBoard - Tree Structure created
[INFO ] 2023-11-17 14:39:29.468 [AWT-EventQueue-0] DashBoard - Nodes added to Tree
[INFO ] 2023-11-17 14:39:29.476 [AWT-EventQueue-0] DashBoard - Components added to Window
[INFO ] 2023-11-17 14:39:29.508 [AWT-EventQueue-0] DashBoard - Window Properties set
[INFO ] 2023-11-17 14:39:29.513 [AWT-EventQueue-0] DashBoard - Customer Dashboard created
[INFO ] 2023-11-17 14:39:29.514 [AWT-EventQueue-0] CustomerClientController - Customer logged in, Dashboard displayed
[INFO ] 2023-11-17 14:40:03.579 [AWT-EventQueue-0] CustomerClientController - Action sent to Server
[INFO ] 2023-11-17 14:40:03.582 [AWT-EventQueue-0] CustomerClientController - Username sent to server
[INFO ] 2023-11-17 14:40:03.647 [AWT-EventQueue-0] Customer - Customer ID returned
[INFO ] 2023-11-17 14:40:03.652 [AWT-EventQueue-0] CustomerClientController - Page cleared
[INFO ] 2023-11-17 14:40:03.878 [AWT-EventQueue-0] DashBoard - Customer Dashboard components initialized
[INFO ] 2023-11-17 14:40:03.888 [AWT-EventQueue-0] DashBoard - Items added to Account and Cart Menus
[INFO ] 2023-11-17 14:40:03.891 [AWT-EventQueue-0] DashBoard - Account and Cart Menus added to Menu Bar
[INFO ] 2023-11-17 14:40:03.891 [AWT-EventQueue-0] DashBoard - Tree Structure created
[INFO ] 2023-11-17 14:40:03.908 [AWT-EventQueue-0] DashBoard - Nodes added to Tree
[INFO ] 2023-11-17 14:40:03.919 [AWT-EventQueue-0] DashBoard - Components added to Window
[INFO ] 2023-11-17 14:40:03.959 [AWT-EventQueue-0] DashBoard - Window Properties set
[INFO ] 2023-11-17 14:40:03.964 [AWT-EventQueue-0] DashBoard - Customer Dashboard created
[INFO ] 2023-11-17 14:40:03.964 [AWT-EventQueue-0] CustomerClientController - Customer logged in, Dashboard displayed
[INFO ] 2023-11-17 14:47:51.918 [main] CustomerClientController - Customer Client Test Info message
[INFO ] 2023-11-17 14:47:53.526 [main] Login - Login Components initialized
[INFO ] 2023-11-17 14:47:53.529 [main] Login - Compenents added to Panel
[INFO ] 2023-11-17 14:47:53.530 [main] Login - Panel added to Frame
[INFO ] 2023-11-17 14:47:54.146 [main] Login - Window Prperties set
[INFO ] 2023-11-17 14:47:54.161 [main] Login - Login Page Listeners initialized
[INFO ] 2023-11-17 14:47:54.161 [main] Login - Login Page created
[INFO ] 2023-11-17 14:47:54.177 [main] CustomerClientController - Employee Client established connection
[INFO ] 2023-11-17 14:47:54.195 [main] CustomerClientController - Employee Client streams initialized
[INFO ] 2023-11-17 14:47:54.195 [main] CustomerClientController - Customer Client initialized
[INFO ] 2023-11-17 14:50:49.686 [main] CustomerClientController - Customer Client Test Info message
[INFO ] 2023-11-17 14:50:51.285 [main] Login - Login Components initialized
[INFO ] 2023-11-17 14:50:51.287 [main] Login - Compenents added to Panel
[INFO ] 2023-11-17 14:50:51.288 [main] Login - Panel added to Frame
[INFO ] 2023-11-17 14:50:51.912 [main] Login - Window Prperties set
[INFO ] 2023-11-17 14:50:51.931 [main] Login - Login Page Listeners initialized
[INFO ] 2023-11-17 14:50:51.931 [main] Login - Login Page created
[INFO ] 2023-11-17 14:50:51.953 [main] CustomerClientController - Employee Client established connection
[INFO ] 2023-11-17 14:50:51.978 [main] CustomerClientController - Employee Client streams initialized
[INFO ] 2023-11-17 14:50:51.978 [main] CustomerClientController - Customer Client initialized
[INFO ] 2023-11-17 16:10:50.687 [main] CustomerClientController - Customer Client Test Info message
[INFO ] 2023-11-17 16:10:52.777 [main] Login - Login Components initialized
[INFO ] 2023-11-17 16:10:52.780 [main] Login - Compenents added to Panel
[INFO ] 2023-11-17 16:10:52.780 [main] Login - Panel added to Frame
[INFO ] 2023-11-17 16:10:53.654 [main] Login - Window Prperties set
[INFO ] 2023-11-17 16:10:53.674 [main] Login - Login Page Listeners initialized
[INFO ] 2023-11-17 16:10:53.675 [main] Login - Login Page created
[INFO ] 2023-11-17 16:10:53.696 [main] CustomerClientController - Employee Client established connection
[INFO ] 2023-11-17 16:10:53.721 [main] CustomerClientController - Employee Client streams initialized
[INFO ] 2023-11-17 16:10:53.721 [main] CustomerClientController - Customer Client initialized
[INFO ] 2023-11-17 16:11:38.792 [main] CustomerClientController - Customer Client Test Info message
[INFO ] 2023-11-17 16:11:39.437 [main] Login - Login Components initialized
[INFO ] 2023-11-17 16:11:39.439 [main] Login - Compenents added to Panel
[INFO ] 2023-11-17 16:11:39.440 [main] Login - Panel added to Frame
[INFO ] 2023-11-17 16:11:40.014 [main] Login - Window Prperties set
[INFO ] 2023-11-17 16:11:40.032 [main] Login - Login Page Listeners initialized
[INFO ] 2023-11-17 16:11:40.033 [main] Login - Login Page created
[INFO ] 2023-11-17 16:11:40.054 [main] CustomerClientController - Employee Client established connection
[INFO ] 2023-11-17 16:11:40.072 [main] CustomerClientController - Employee Client streams initialized
[INFO ] 2023-11-17 16:11:40.073 [main] CustomerClientController - Customer Client initialized
[INFO ] 2023-11-17 16:12:32.614 [main] CustomerClientController - Customer Client Test Info message
[INFO ] 2023-11-17 16:12:33.262 [main] Login - Login Components initialized
[INFO ] 2023-11-17 16:12:33.264 [main] Login - Compenents added to Panel
[INFO ] 2023-11-17 16:12:33.265 [main] Login - Panel added to Frame
[INFO ] 2023-11-17 16:12:33.848 [main] Login - Window Prperties set
[INFO ] 2023-11-17 16:12:33.868 [main] Login - Login Page Listeners initialized
[INFO ] 2023-11-17 16:12:33.869 [main] Login - Login Page created
[INFO ] 2023-11-17 16:12:33.886 [main] CustomerClientController - Employee Client established connection
[INFO ] 2023-11-17 16:12:33.901 [main] CustomerClientController - Employee Client streams initialized
[INFO ] 2023-11-17 16:12:33.902 [main] CustomerClientController - Customer Client initialized
[INFO ] 2023-11-17 16:14:05.378 [main] CustomerClientController - Customer Client Test Info message
[INFO ] 2023-11-17 16:14:06.017 [main] Login - Login Components initialized
[INFO ] 2023-11-17 16:14:06.020 [main] Login - Compenents added to Panel
[INFO ] 2023-11-17 16:14:06.021 [main] Login - Panel added to Frame
[INFO ] 2023-11-17 16:14:06.592 [main] Login - Window Prperties set
[INFO ] 2023-11-17 16:14:06.608 [main] Login - Login Page Listeners initialized
[INFO ] 2023-11-17 16:14:06.608 [main] Login - Login Page created
[INFO ] 2023-11-17 16:14:06.630 [main] CustomerClientController - Employee Client established connection
[INFO ] 2023-11-17 16:14:06.649 [main] CustomerClientController - Employee Client streams initialized
[INFO ] 2023-11-17 16:14:06.650 [main] CustomerClientController - Customer Client initialized
[INFO ] 2023-11-17 16:14:56.074 [main] CustomerClientController - Customer Client Test Info message
[INFO ] 2023-11-17 16:14:56.742 [main] Login - Login Components initialized
[INFO ] 2023-11-17 16:14:56.745 [main] Login - Compenents added to Panel
[INFO ] 2023-11-17 16:14:56.746 [main] Login - Panel added to Frame
[INFO ] 2023-11-17 16:14:57.364 [main] Login - Window Prperties set
[INFO ] 2023-11-17 16:14:57.381 [main] Login - Login Page Listeners initialized
[INFO ] 2023-11-17 16:14:57.381 [main] Login - Login Page created
[INFO ] 2023-11-17 16:14:57.401 [main] CustomerClientController - Employee Client established connection
[INFO ] 2023-11-17 16:14:57.423 [main] CustomerClientController - Employee Client streams initialized
[INFO ] 2023-11-17 16:14:57.423 [main] CustomerClientController - Customer Client initialized
[INFO ] 2023-11-17 16:15:10.300 [AWT-EventQueue-0] CustomerClientController - Action sent to Server
[INFO ] 2023-11-17 16:15:10.302 [AWT-EventQueue-0] CustomerClientController - Username sent to server
[INFO ] 2023-11-17 16:15:12.705 [AWT-EventQueue-0] Customer - Customer ID returned
[INFO ] 2023-11-17 16:15:12.711 [AWT-EventQueue-0] CustomerClientController - Page cleared
[INFO ] 2023-11-17 16:15:12.946 [AWT-EventQueue-0] DashBoard - Customer Dashboard components initialized
[INFO ] 2023-11-17 16:15:13.004 [AWT-EventQueue-0] DashBoard - Customer Dashboard components initialized
[INFO ] 2023-11-17 16:15:13.015 [AWT-EventQueue-0] DashBoard - Items added to Account and Cart Menus
[INFO ] 2023-11-17 16:15:13.018 [AWT-EventQueue-0] DashBoard - Account and Cart Menus added to Menu Bar
[INFO ] 2023-11-17 16:15:13.019 [AWT-EventQueue-0] DashBoard - Tree Structure created
[INFO ] 2023-11-17 16:15:13.040 [AWT-EventQueue-0] DashBoard - Nodes added to Tree
[INFO ] 2023-11-17 16:15:13.048 [AWT-EventQueue-0] DashBoard - Components added to Window
[INFO ] 2023-11-17 16:15:13.088 [AWT-EventQueue-0] DashBoard - Window Properties set
[INFO ] 2023-11-17 16:15:13.093 [AWT-EventQueue-0] DashBoard - Customer Dashboard created
[INFO ] 2023-11-17 16:15:13.093 [AWT-EventQueue-0] CustomerClientController - Customer logged in, Dashboard displayed
[INFO ] 2023-11-17 16:15:15.994 [AWT-EventQueue-0] CustomerClientController - Action sent to Server
[INFO ] 2023-11-17 16:15:17.674 [AWT-EventQueue-0] Equipment - Equipment ID returned
[INFO ] 2023-11-17 16:15:17.675 [AWT-EventQueue-0] Equipment - Equipment Name returned
[INFO ] 2023-11-17 16:15:17.675 [AWT-EventQueue-0] Equipment - Equipment Status returned
[INFO ] 2023-11-17 16:15:17.675 [AWT-EventQueue-0] Equipment - Equipment Rental Rate returned
[INFO ] 2023-11-17 16:15:17.676 [AWT-EventQueue-0] Equipment - Equipment Description returned
[INFO ] 2023-11-17 16:15:17.676 [AWT-EventQueue-0] Equipment - Equipment Status returned
[INFO ] 2023-11-17 16:15:17.676 [AWT-EventQueue-0] Equipment - Equipment ID returned
[INFO ] 2023-11-17 16:15:17.676 [AWT-EventQueue-0] Equipment - Equipment Name returned
[INFO ] 2023-11-17 16:15:17.676 [AWT-EventQueue-0] Equipment - Equipment Status returned
[INFO ] 2023-11-17 16:15:17.676 [AWT-EventQueue-0] Equipment - Equipment Rental Rate returned
[INFO ] 2023-11-17 16:15:17.677 [AWT-EventQueue-0] Equipment - Equipment Description returned
[INFO ] 2023-11-17 16:15:17.677 [AWT-EventQueue-0] Equipment - Equipment Status returned
[INFO ] 2023-11-17 16:15:17.679 [AWT-EventQueue-0] DashBoard - Customer Dashboard Listeners initialized
[INFO ] 2023-11-17 16:15:20.552 [AWT-EventQueue-0] DashBoard - Customer Dashboard Listeners initialized
[INFO ] 2023-11-17 16:15:22.448 [AWT-EventQueue-0] DashBoard - Customer Dashboard Listeners initialized
[INFO ] 2023-11-17 16:15:23.433 [AWT-EventQueue-0] DashBoard - Customer Dashboard Listeners initialized
[INFO ] 2023-11-17 16:15:24.251 [AWT-EventQueue-0] DashBoard - Customer Dashboard Listeners initialized
[INFO ] 2023-11-17 16:15:25.202 [AWT-EventQueue-0] CustomerClientController - Action sent to Server
[INFO ] 2023-11-17 16:15:26.832 [AWT-EventQueue-0] Equipment - Equipment ID returned
[INFO ] 2023-11-17 16:15:26.834 [AWT-EventQueue-0] Equipment - Equipment Name returned
[INFO ] 2023-11-17 16:15:26.835 [AWT-EventQueue-0] Equipment - Equipment Status returned
[INFO ] 2023-11-17 16:15:26.835 [AWT-EventQueue-0] Equipment - Equipment Rental Rate returned
[INFO ] 2023-11-17 16:15:26.835 [AWT-EventQueue-0] Equipment - Equipment Description returned
[INFO ] 2023-11-17 16:15:26.835 [AWT-EventQueue-0] Equipment - Equipment Status returned
[INFO ] 2023-11-17 16:15:26.836 [AWT-EventQueue-0] Equipment - Equipment ID returned
[INFO ] 2023-11-17 16:15:26.836 [AWT-EventQueue-0] Equipment - Equipment Name returned
[INFO ] 2023-11-17 16:15:26.836 [AWT-EventQueue-0] Equipment - Equipment Status returned
[INFO ] 2023-11-17 16:15:26.837 [AWT-EventQueue-0] Equipment - Equipment Rental Rate returned
[INFO ] 2023-11-17 16:15:26.837 [AWT-EventQueue-0] Equipment - Equipment Description returned
[INFO ] 2023-11-17 16:15:26.837 [AWT-EventQueue-0] Equipment - Equipment Status returned
[INFO ] 2023-11-17 16:15:26.839 [AWT-EventQueue-0] DashBoard - Customer Dashboard Listeners initialized
[INFO ] 2023-11-17 16:15:30.740 [AWT-EventQueue-0] DashBoard - Customer Dashboard Listeners initialized
[INFO ] 2023-11-17 16:15:32.021 [AWT-EventQueue-0] DashBoard - Customer Dashboard Listeners initialized
[INFO ] 2023-11-17 16:16:10.185 [AWT-EventQueue-0] DashBoard - Customer Dashboard Listeners initialized
[INFO ] 2023-11-18 16:00:37.512 [main] CustomerClientController - Customer Client Test Info message
[INFO ] 2023-11-18 16:00:39.794 [main] Login - Login Components initialized
[INFO ] 2023-11-18 16:00:39.797 [main] Login - Compenents added to Panel
[INFO ] 2023-11-18 16:00:39.797 [main] Login - Panel added to Frame
[INFO ] 2023-11-18 16:00:40.703 [main] Login - Window Prperties set
[INFO ] 2023-11-18 16:00:40.721 [main] Login - Login Page Listeners initialized
[INFO ] 2023-11-18 16:00:40.721 [main] Login - Login Page created
[INFO ] 2023-11-18 16:00:40.744 [main] CustomerClientController - Employee Client established connection
[INFO ] 2023-11-18 16:00:41.316 [main] CustomerClientController - Employee Client streams initialized
[INFO ] 2023-11-18 16:00:41.316 [main] CustomerClientController - Customer Client initialized
[INFO ] 2023-11-18 16:02:35.209 [main] CustomerClientController - Customer Client Test Info message
[INFO ] 2023-11-18 16:02:35.890 [main] Login - Login Components initialized
[INFO ] 2023-11-18 16:02:35.892 [main] Login - Compenents added to Panel
[INFO ] 2023-11-18 16:02:35.893 [main] Login - Panel added to Frame
[INFO ] 2023-11-18 16:02:36.469 [main] Login - Window Prperties set
[INFO ] 2023-11-18 16:02:36.486 [main] Login - Login Page Listeners initialized
[INFO ] 2023-11-18 16:02:36.486 [main] Login - Login Page created
[INFO ] 2023-11-18 16:02:36.510 [main] CustomerClientController - Employee Client established connection
[INFO ] 2023-11-18 16:02:37.019 [main] CustomerClientController - Employee Client streams initialized
[INFO ] 2023-11-18 16:02:37.021 [main] CustomerClientController - Customer Client initialized
[INFO ] 2023-11-18 16:02:46.154 [AWT-EventQueue-0] CustomerClientController - Page cleared
[INFO ] 2023-11-18 16:02:46.172 [AWT-EventQueue-0] SignUp - Sign Up Components initialized
[INFO ] 2023-11-18 16:02:46.173 [AWT-EventQueue-0] SignUp - Compenets added to Panel
[INFO ] 2023-11-18 16:02:46.177 [AWT-EventQueue-0] SignUp - Panel added to Frame
[INFO ] 2023-11-18 16:02:46.186 [AWT-EventQueue-0] SignUp - Window Properties set
[INFO ] 2023-11-18 16:02:46.190 [AWT-EventQueue-0] SignUp - Sign Up Page created
[INFO ] 2023-11-18 16:02:46.191 [AWT-EventQueue-0] CustomerClientController - Sign up page displayed
[INFO ] 2023-11-18 16:03:11.566 [AWT-EventQueue-0] Customer - Input accepted, Customer initialized
[INFO ] 2023-11-18 16:03:11.575 [AWT-EventQueue-0] CustomerClientController - Action sent to Server
[INFO ] 2023-11-18 16:03:11.583 [AWT-EventQueue-0] CustomerClientController - Customer sent to Server
[ERROR] 2023-11-18 16:03:11.593 [AWT-EventQueue-0] CustomerClientController - Failed to recieve response: null
[INFO ] 2023-11-18 16:03:13.074 [AWT-EventQueue-0] Login - Login Components initialized
[INFO ] 2023-11-18 16:03:13.075 [AWT-EventQueue-0] Login - Compenents added to Panel
[INFO ] 2023-11-18 16:03:13.076 [AWT-EventQueue-0] Login - Panel added to Frame
[INFO ] 2023-11-18 16:03:13.101 [AWT-EventQueue-0] Login - Window Prperties set
[INFO ] 2023-11-18 16:03:13.102 [AWT-EventQueue-0] Login - Login Page Listeners initialized
[INFO ] 2023-11-18 16:03:13.102 [AWT-EventQueue-0] Login - Login Page created
[INFO ] 2023-11-18 16:03:13.103 [AWT-EventQueue-0] CustomerClientController - Returned to Login page
[ERROR] 2023-11-18 16:05:56.155 [AWT-EventQueue-0] CustomerClientController - Action failed: Broken pipe
[INFO ] 2023-11-18 16:05:56.157 [AWT-EventQueue-0] CustomerClientController - Username sent to server
[ERROR] 2023-11-18 16:05:56.158 [AWT-EventQueue-0] CustomerClientController - Failed to recieve response: null
[INFO ] 2023-11-18 16:06:13.784 [AWT-EventQueue-0] CustomerClientController - Action sent to Server
[INFO ] 2023-11-18 16:06:13.787 [AWT-EventQueue-0] CustomerClientController - Username sent to server
[ERROR] 2023-11-18 16:06:13.788 [AWT-EventQueue-0] CustomerClientController - Failed to recieve response: null
[INFO ] 2023-11-18 16:12:24.612 [main] CustomerClientController - Customer Client Test Info message
[INFO ] 2023-11-18 16:12:26.687 [main] Login - Login Components initialized
[INFO ] 2023-11-18 16:12:26.689 [main] Login - Compenents added to Panel
[INFO ] 2023-11-18 16:12:26.690 [main] Login - Panel added to Frame
[INFO ] 2023-11-18 16:12:27.561 [main] Login - Window Prperties set
[INFO ] 2023-11-18 16:12:27.582 [main] Login - Login Page Listeners initialized
[INFO ] 2023-11-18 16:12:27.582 [main] Login - Login Page created
[INFO ] 2023-11-18 16:12:27.603 [main] CustomerClientController - Employee Client established connection
[INFO ] 2023-11-18 16:12:28.118 [main] CustomerClientController - Employee Client streams initialized
[INFO ] 2023-11-18 16:12:28.119 [main] CustomerClientController - Customer Client initialized
[INFO ] 2023-11-18 16:12:34.211 [AWT-EventQueue-0] CustomerClientController - Page cleared
[INFO ] 2023-11-18 16:12:34.234 [AWT-EventQueue-0] SignUp - Sign Up Components initialized
[INFO ] 2023-11-18 16:12:34.237 [AWT-EventQueue-0] SignUp - Compenets added to Panel
[INFO ] 2023-11-18 16:12:34.238 [AWT-EventQueue-0] SignUp - Panel added to Frame
[INFO ] 2023-11-18 16:12:34.250 [AWT-EventQueue-0] SignUp - Window Properties set
[INFO ] 2023-11-18 16:12:34.254 [AWT-EventQueue-0] SignUp - Sign Up Page created
[INFO ] 2023-11-18 16:12:34.255 [AWT-EventQueue-0] CustomerClientController - Sign up page displayed
[INFO ] 2023-11-18 16:12:56.974 [AWT-EventQueue-0] Customer - Input accepted, Customer initialized
[INFO ] 2023-11-18 16:12:56.982 [AWT-EventQueue-0] CustomerClientController - Action sent to Server
[INFO ] 2023-11-18 16:12:56.987 [AWT-EventQueue-0] CustomerClientController - Customer sent to Server
[INFO ] 2023-11-18 16:13:00.832 [AWT-EventQueue-0] CustomerClientController - Customer Record added to Database
[INFO ] 2023-11-18 16:13:02.302 [AWT-EventQueue-0] Login - Login Components initialized
[INFO ] 2023-11-18 16:13:02.304 [AWT-EventQueue-0] Login - Compenents added to Panel
[INFO ] 2023-11-18 16:13:02.306 [AWT-EventQueue-0] Login - Panel added to Frame
[INFO ] 2023-11-18 16:13:02.342 [AWT-EventQueue-0] Login - Window Prperties set
[INFO ] 2023-11-18 16:13:02.342 [AWT-EventQueue-0] Login - Login Page Listeners initialized
[INFO ] 2023-11-18 16:13:02.342 [AWT-EventQueue-0] Login - Login Page created
[INFO ] 2023-11-18 16:13:02.342 [AWT-EventQueue-0] CustomerClientController - Returned to Login page
[INFO ] 2023-11-18 16:17:55.128 [main] CustomerClientController - Customer Client Test Info message
[INFO ] 2023-11-18 16:17:56.243 [main] Login - Login Components initialized
[INFO ] 2023-11-18 16:17:56.246 [main] Login - Compenents added to Panel
[INFO ] 2023-11-18 16:17:56.247 [main] Login - Panel added to Frame
[INFO ] 2023-11-18 16:17:57.118 [main] Login - Window Prperties set
[INFO ] 2023-11-18 16:17:57.135 [main] Login - Login Page Listeners initialized
[INFO ] 2023-11-18 16:17:57.135 [main] Login - Login Page created
[ERROR] 2023-11-18 16:17:57.168 [main] CustomerClientController - Employee Client failed to establish connection: Connection refused
[INFO ] 2023-11-18 16:18:28.777 [main] CustomerClientController - Customer Client Test Info message
[INFO ] 2023-11-18 16:18:29.429 [main] Login - Login Components initialized
[INFO ] 2023-11-18 16:18:29.431 [main] Login - Compenents added to Panel
[INFO ] 2023-11-18 16:18:29.432 [main] Login - Panel added to Frame
[INFO ] 2023-11-18 16:18:29.981 [main] Login - Window Prperties set
[INFO ] 2023-11-18 16:18:29.996 [main] Login - Login Page Listeners initialized
[INFO ] 2023-11-18 16:18:29.996 [main] Login - Login Page created
[INFO ] 2023-11-18 16:18:30.018 [main] CustomerClientController - Employee Client established connection
[INFO ] 2023-11-18 16:18:34.269 [AWT-EventQueue-0] CustomerClientController - Action sent to Server
[INFO ] 2023-11-18 16:18:34.271 [AWT-EventQueue-0] CustomerClientController - Username sent to server
[INFO ] 2023-11-18 16:18:48.837 [AWT-EventQueue-0] CustomerClientController - Action sent to Server
[INFO ] 2023-11-18 16:18:48.838 [AWT-EventQueue-0] CustomerClientController - Username sent to server
[INFO ] 2023-11-18 16:19:13.522 [main] CustomerClientController - Customer Client Test Info message
[INFO ] 2023-11-18 16:19:14.160 [main] Login - Login Components initialized
[INFO ] 2023-11-18 16:19:14.162 [main] Login - Compenents added to Panel
[INFO ] 2023-11-18 16:19:14.163 [main] Login - Panel added to Frame
[INFO ] 2023-11-18 16:19:14.733 [main] Login - Window Prperties set
[INFO ] 2023-11-18 16:19:14.757 [main] Login - Login Page Listeners initialized
[INFO ] 2023-11-18 16:19:14.757 [main] Login - Login Page created
[INFO ] 2023-11-18 16:19:14.776 [main] CustomerClientController - Employee Client established connection
[INFO ] 2023-11-18 16:19:17.044 [AWT-EventQueue-0] CustomerClientController - Page cleared
[INFO ] 2023-11-18 16:19:17.061 [AWT-EventQueue-0] SignUp - Sign Up Components initialized
[INFO ] 2023-11-18 16:19:17.063 [AWT-EventQueue-0] SignUp - Compenets added to Panel
[INFO ] 2023-11-18 16:19:17.065 [AWT-EventQueue-0] SignUp - Panel added to Frame
[INFO ] 2023-11-18 16:19:17.077 [AWT-EventQueue-0] SignUp - Window Properties set
[INFO ] 2023-11-18 16:19:17.080 [AWT-EventQueue-0] SignUp - Sign Up Page created
[INFO ] 2023-11-18 16:19:17.080 [AWT-EventQueue-0] CustomerClientController - Sign up page displayed
[INFO ] 2023-11-18 16:19:26.914 [AWT-EventQueue-0] Customer - Input accepted, Customer initialized
[INFO ] 2023-11-18 16:19:26.919 [AWT-EventQueue-0] CustomerClientController - Action sent to Server
[INFO ] 2023-11-18 16:19:26.922 [AWT-EventQueue-0] CustomerClientController - Customer sent to Server
[INFO ] 2023-11-18 16:20:35.714 [main] CustomerClientController - Customer Client Test Info message
[INFO ] 2023-11-18 16:20:36.399 [main] Login - Login Components initialized
[INFO ] 2023-11-18 16:20:36.402 [main] Login - Compenents added to Panel
[INFO ] 2023-11-18 16:20:36.403 [main] Login - Panel added to Frame
[INFO ] 2023-11-18 16:20:36.981 [main] Login - Window Prperties set
[INFO ] 2023-11-18 16:20:36.999 [main] Login - Login Page Listeners initialized
[INFO ] 2023-11-18 16:20:37.000 [main] Login - Login Page created
[INFO ] 2023-11-18 16:20:37.019 [main] CustomerClientController - Employee Client established connection
[INFO ] 2023-11-18 16:20:37.548 [main] CustomerClientController - Employee Client streams initialized
[INFO ] 2023-11-18 16:20:37.549 [main] CustomerClientController - Customer Client initialized
[INFO ] 2023-11-18 16:20:44.544 [AWT-EventQueue-0] CustomerClientController - Action sent to Server
[INFO ] 2023-11-18 16:20:44.545 [AWT-EventQueue-0] CustomerClientController - Username sent to server
[ERROR] 2023-11-18 16:20:44.547 [AWT-EventQueue-0] CustomerClientController - Failed to recieve response: null
[INFO ] 2023-11-18 16:20:48.701 [AWT-EventQueue-0] CustomerClientController - Action sent to Server
[ERROR] 2023-11-18 16:20:48.710 [AWT-EventQueue-0] CustomerClientController - Error Sending username Broken pipe
[ERROR] 2023-11-18 16:20:48.711 [AWT-EventQueue-0] CustomerClientController - Failed to recieve response: null
[INFO ] 2023-11-18 17:05:31.582 [main] CustomerClientController - Customer Client Test Info message
[INFO ] 2023-11-18 17:05:32.753 [main] Login - Login Components initialized
[INFO ] 2023-11-18 17:05:32.755 [main] Login - Compenents added to Panel
[INFO ] 2023-11-18 17:05:32.756 [main] Login - Panel added to Frame
[INFO ] 2023-11-18 17:05:33.637 [main] Login - Window Prperties set
[INFO ] 2023-11-18 17:05:33.662 [main] Login - Login Page Listeners initialized
[INFO ] 2023-11-18 17:05:33.663 [main] Login - Login Page created
[INFO ] 2023-11-18 17:05:33.688 [main] CustomerClientController - Employee Client established connection
[INFO ] 2023-11-18 17:05:34.360 [main] CustomerClientController - Employee Client streams initialized
[INFO ] 2023-11-18 17:05:34.360 [main] CustomerClientController - Customer Client initialized
[INFO ] 2023-11-18 17:05:43.312 [AWT-EventQueue-0] CustomerClientController - Action sent to Server
[INFO ] 2023-11-18 17:05:43.314 [AWT-EventQueue-0] CustomerClientController - Username sent to server
[ERROR] 2023-11-18 17:05:43.316 [AWT-EventQueue-0] CustomerClientController - Failed to recieve response: null
[ERROR] 2023-11-18 17:08:36.831 [AWT-EventQueue-0] CustomerClientController - Action failed: Broken pipe
[INFO ] 2023-11-18 17:08:36.833 [AWT-EventQueue-0] CustomerClientController - Username sent to server
[ERROR] 2023-11-18 17:08:36.834 [AWT-EventQueue-0] CustomerClientController - Failed to recieve response: null
[INFO ] 2023-11-18 17:10:41.505 [main] CustomerClientController - Customer Client Test Info message
[INFO ] 2023-11-18 17:10:42.584 [main] Login - Login Components initialized
[INFO ] 2023-11-18 17:10:42.590 [main] Login - Compenents added to Panel
[INFO ] 2023-11-18 17:10:42.591 [main] Login - Panel added to Frame
[INFO ] 2023-11-18 17:10:43.463 [main] Login - Window Prperties set
[INFO ] 2023-11-18 17:10:43.485 [main] Login - Login Page Listeners initialized
[INFO ] 2023-11-18 17:10:43.486 [main] Login - Login Page created
[INFO ] 2023-11-18 17:10:43.515 [main] CustomerClientController - Employee Client established connection
[INFO ] 2023-11-18 17:10:44.056 [main] CustomerClientController - Employee Client streams initialized
[INFO ] 2023-11-18 17:10:44.056 [main] CustomerClientController - Customer Client initialized
[INFO ] 2023-11-18 17:10:51.446 [AWT-EventQueue-0] CustomerClientController - Action sent to Server
[INFO ] 2023-11-18 17:10:51.447 [AWT-EventQueue-0] CustomerClientController - Username sent to server
[ERROR] 2023-11-18 17:10:51.449 [AWT-EventQueue-0] CustomerClientController - Failed to recieve response: null
[INFO ] 2023-11-18 17:11:11.321 [AWT-EventQueue-0] CustomerClientController - Action sent to Server
[ERROR] 2023-11-18 17:11:11.330 [AWT-EventQueue-0] CustomerClientController - Error Sending username Broken pipe
[ERROR] 2023-11-18 17:11:11.331 [AWT-EventQueue-0] CustomerClientController - Failed to recieve response: null
[INFO ] 2023-11-18 17:15:20.439 [main] CustomerClientController - Customer Client Test Info message
[INFO ] 2023-11-18 17:15:21.504 [main] Login - Login Components initialized
[INFO ] 2023-11-18 17:15:21.506 [main] Login - Compenents added to Panel
[INFO ] 2023-11-18 17:15:21.507 [main] Login - Panel added to Frame
[INFO ] 2023-11-18 17:15:22.412 [main] Login - Window Prperties set
[INFO ] 2023-11-18 17:15:22.441 [main] Login - Login Page Listeners initialized
[INFO ] 2023-11-18 17:15:22.442 [main] Login - Login Page created
[ERROR] 2023-11-18 17:15:22.486 [main] CustomerClientController - Employee Client failed to establish connection: Connection refused
[INFO ] 2023-11-18 17:15:50.773 [main] CustomerClientController - Customer Client Test Info message
[INFO ] 2023-11-18 17:15:52.395 [main] Login - Login Components initialized
[INFO ] 2023-11-18 17:15:52.398 [main] Login - Compenents added to Panel
[INFO ] 2023-11-18 17:15:52.399 [main] Login - Panel added to Frame
[INFO ] 2023-11-18 17:15:53.063 [main] Login - Window Prperties set
[INFO ] 2023-11-18 17:15:53.081 [main] Login - Login Page Listeners initialized
[INFO ] 2023-11-18 17:15:53.081 [main] Login - Login Page created
[INFO ] 2023-11-18 17:15:53.099 [main] CustomerClientController - Employee Client established connection
[INFO ] 2023-11-18 17:15:53.621 [main] CustomerClientController - Employee Client streams initialized
[INFO ] 2023-11-18 17:15:53.621 [main] CustomerClientController - Customer Client initialized
[INFO ] 2023-11-18 17:16:00.569 [AWT-EventQueue-0] CustomerClientController - Action sent to Server
[INFO ] 2023-11-18 17:16:00.570 [AWT-EventQueue-0] CustomerClientController - Username sent to server
[ERROR] 2023-11-18 17:16:00.572 [AWT-EventQueue-0] CustomerClientController - Failed to recieve response: null
[INFO ] 2023-11-18 17:20:15.031 [main] CustomerClientController - Customer Client Test Info message
[INFO ] 2023-11-18 17:20:15.746 [main] Login - Login Components initialized
[INFO ] 2023-11-18 17:20:15.750 [main] Login - Compenents added to Panel
[INFO ] 2023-11-18 17:20:15.751 [main] Login - Panel added to Frame
[INFO ] 2023-11-18 17:20:16.337 [main] Login - Window Prperties set
[INFO ] 2023-11-18 17:20:16.354 [main] Login - Login Page Listeners initialized
[INFO ] 2023-11-18 17:20:16.354 [main] Login - Login Page created
[INFO ] 2023-11-18 17:20:16.373 [main] CustomerClientController - Employee Client established connection
[INFO ] 2023-11-18 17:20:20.605 [AWT-EventQueue-0] CustomerClientController - Action sent to Server
[INFO ] 2023-11-18 17:20:20.606 [AWT-EventQueue-0] CustomerClientController - Username sent to server
[INFO ] 2023-11-18 17:21:52.117 [main] CustomerClientController - Customer Client Test Info message
[INFO ] 2023-11-18 17:21:52.870 [main] Login - Login Components initialized
[INFO ] 2023-11-18 17:21:52.872 [main] Login - Compenents added to Panel
[INFO ] 2023-11-18 17:21:52.873 [main] Login - Panel added to Frame
[INFO ] 2023-11-18 17:21:53.628 [main] Login - Window Prperties set
[INFO ] 2023-11-18 17:21:53.648 [main] Login - Login Page Listeners initialized
[INFO ] 2023-11-18 17:21:53.648 [main] Login - Login Page created
[INFO ] 2023-11-18 17:21:53.672 [main] CustomerClientController - Employee Client established connection
[INFO ] 2023-11-18 17:21:54.205 [main] CustomerClientController - Employee Client streams initialized
[INFO ] 2023-11-18 17:21:54.205 [main] CustomerClientController - Customer Client initialized
[INFO ] 2023-11-18 17:22:00.646 [AWT-EventQueue-0] CustomerClientController - Action sent to Server
[INFO ] 2023-11-18 17:22:00.647 [AWT-EventQueue-0] CustomerClientController - Username sent to server
[ERROR] 2023-11-18 17:22:00.649 [AWT-EventQueue-0] CustomerClientController - Failed to recieve response: null
[INFO ] 2023-11-18 17:23:38.547 [main] CustomerClientController - Customer Client Test Info message
[INFO ] 2023-11-18 17:23:39.221 [main] Login - Login Components initialized
[INFO ] 2023-11-18 17:23:39.224 [main] Login - Compenents added to Panel
[INFO ] 2023-11-18 17:23:39.225 [main] Login - Panel added to Frame
[INFO ] 2023-11-18 17:23:39.824 [main] Login - Window Prperties set
[INFO ] 2023-11-18 17:23:39.840 [main] Login - Login Page Listeners initialized
[INFO ] 2023-11-18 17:23:39.841 [main] Login - Login Page created
[INFO ] 2023-11-18 17:23:39.864 [main] CustomerClientController - Employee Client established connection
[INFO ] 2023-11-18 17:23:56.585 [AWT-EventQueue-0] CustomerClientController - Action sent to Server
[INFO ] 2023-11-18 17:23:56.587 [AWT-EventQueue-0] CustomerClientController - Username sent to server
[ERROR] 2023-11-18 17:35:02.658 [main] CustomerClientController - Employee Client failed to initialise streams: Connection reset
[INFO ] 2023-11-18 17:35:02.659 [main] CustomerClientController - Customer Client initialized
[INFO ] 2023-11-18 17:42:30.896 [main] CustomerClientController - Customer Client Test Info message
[INFO ] 2023-11-18 17:42:33.035 [main] Login - Login Components initialized
[INFO ] 2023-11-18 17:42:33.039 [main] Login - Compenents added to Panel
[INFO ] 2023-11-18 17:42:33.040 [main] Login - Panel added to Frame
[INFO ] 2023-11-18 17:42:33.901 [main] Login - Window Prperties set
[INFO ] 2023-11-18 17:42:33.921 [main] Login - Login Page Listeners initialized
[INFO ] 2023-11-18 17:42:33.922 [main] Login - Login Page created
[INFO ] 2023-11-18 17:42:33.946 [main] CustomerClientController - Employee Client established connection
[INFO ] 2023-11-18 17:42:34.438 [main] CustomerClientController - Employee Client streams initialized
[INFO ] 2023-11-18 17:42:34.439 [main] CustomerClientController - Customer Client initialized
[INFO ] 2023-11-18 17:42:57.661 [AWT-EventQueue-0] CustomerClientController - Action sent to Server
[INFO ] 2023-11-18 17:42:57.663 [AWT-EventQueue-0] CustomerClientController - Username sent to server
[INFO ] 2023-11-18 17:43:00.152 [AWT-EventQueue-0] Customer - Customer ID returned
[INFO ] 2023-11-18 17:43:00.160 [AWT-EventQueue-0] CustomerClientController - Page cleared
[INFO ] 2023-11-18 17:43:00.408 [AWT-EventQueue-0] DashBoard - Customer Dashboard components initialized
[INFO ] 2023-11-18 17:43:00.504 [AWT-EventQueue-0] DashBoard - Customer Dashboard components initialized
[INFO ] 2023-11-18 17:43:00.510 [AWT-EventQueue-0] DashBoard - Items added to Account and Cart Menus
[INFO ] 2023-11-18 17:43:00.511 [AWT-EventQueue-0] DashBoard - Account and Cart Menus added to Menu Bar
[INFO ] 2023-11-18 17:43:00.511 [AWT-EventQueue-0] DashBoard - Tree Structure created
[INFO ] 2023-11-18 17:43:00.526 [AWT-EventQueue-0] DashBoard - Nodes added to Tree
[INFO ] 2023-11-18 17:43:00.531 [AWT-EventQueue-0] DashBoard - Components added to Window
[INFO ] 2023-11-18 17:43:00.562 [AWT-EventQueue-0] DashBoard - Window Properties set
[INFO ] 2023-11-18 17:43:00.569 [AWT-EventQueue-0] DashBoard - Customer Dashboard created
[INFO ] 2023-11-18 17:43:00.569 [AWT-EventQueue-0] CustomerClientController - Customer logged in, Dashboard displayed
[INFO ] 2023-11-18 17:44:31.383 [main] CustomerClientController - Customer Client Test Info message
[INFO ] 2023-11-18 17:44:32.390 [main] Login - Login Components initialized
[INFO ] 2023-11-18 17:44:32.393 [main] Login - Compenents added to Panel
[INFO ] 2023-11-18 17:44:32.394 [main] Login - Panel added to Frame
[INFO ] 2023-11-18 17:44:32.978 [main] Login - Window Prperties set
[INFO ] 2023-11-18 17:44:33.000 [main] Login - Login Page Listeners initialized
[INFO ] 2023-11-18 17:44:33.000 [main] Login - Login Page created
[INFO ] 2023-11-18 17:44:33.017 [main] CustomerClientController - Employee Client established connection
[INFO ] 2023-11-18 17:44:33.537 [main] CustomerClientController - Employee Client streams initialized
[INFO ] 2023-11-18 17:44:33.537 [main] CustomerClientController - Customer Client initialized
[INFO ] 2023-11-18 17:44:40.686 [AWT-EventQueue-0] CustomerClientController - Action sent to Server
[INFO ] 2023-11-18 17:44:40.688 [AWT-EventQueue-0] CustomerClientController - Username sent to server
[INFO ] 2023-11-18 17:44:42.986 [AWT-EventQueue-0] Customer - Customer ID returned
[INFO ] 2023-11-18 17:44:42.991 [AWT-EventQueue-0] CustomerClientController - Page cleared
[INFO ] 2023-11-18 17:44:43.215 [AWT-EventQueue-0] DashBoard - Customer Dashboard components initialized
[INFO ] 2023-11-18 17:44:43.303 [AWT-EventQueue-0] DashBoard - Customer Dashboard components initialized
[INFO ] 2023-11-18 17:44:43.308 [AWT-EventQueue-0] DashBoard - Items added to Account and Cart Menus
[INFO ] 2023-11-18 17:44:43.309 [AWT-EventQueue-0] DashBoard - Account and Cart Menus added to Menu Bar
[INFO ] 2023-11-18 17:44:43.310 [AWT-EventQueue-0] DashBoard - Tree Structure created
[INFO ] 2023-11-18 17:44:43.325 [AWT-EventQueue-0] DashBoard - Nodes added to Tree
[INFO ] 2023-11-18 17:44:43.330 [AWT-EventQueue-0] DashBoard - Components added to Window
[INFO ] 2023-11-18 17:44:43.365 [AWT-EventQueue-0] DashBoard - Window Properties set
[INFO ] 2023-11-18 17:44:43.371 [AWT-EventQueue-0] DashBoard - Customer Dashboard created
[INFO ] 2023-11-18 17:44:43.372 [AWT-EventQueue-0] CustomerClientController - Customer logged in, Dashboard displayed
[INFO ] 2023-11-18 17:45:12.092 [main] CustomerClientController - Customer Client Test Info message
[INFO ] 2023-11-18 17:45:12.740 [main] Login - Login Components initialized
[INFO ] 2023-11-18 17:45:12.742 [main] Login - Compenents added to Panel
[INFO ] 2023-11-18 17:45:12.743 [main] Login - Panel added to Frame
[INFO ] 2023-11-18 17:45:13.320 [main] Login - Window Prperties set
[INFO ] 2023-11-18 17:45:13.340 [main] Login - Login Page Listeners initialized
[INFO ] 2023-11-18 17:45:13.341 [main] Login - Login Page created
[INFO ] 2023-11-18 17:45:13.364 [main] CustomerClientController - Employee Client established connection
[INFO ] 2023-11-18 17:45:13.528 [main] CustomerClientController - Employee Client streams initialized
[INFO ] 2023-11-18 17:45:13.528 [main] CustomerClientController - Customer Client initialized
[INFO ] 2023-11-18 17:45:17.814 [AWT-EventQueue-0] CustomerClientController - Action sent to Server
[INFO ] 2023-11-18 17:45:17.815 [AWT-EventQueue-0] CustomerClientController - Username sent to server
[INFO ] 2023-11-18 17:45:17.865 [AWT-EventQueue-0] Customer - Customer ID returned
[INFO ] 2023-11-18 17:45:17.869 [AWT-EventQueue-0] CustomerClientController - Page cleared
[INFO ] 2023-11-18 17:45:18.101 [AWT-EventQueue-0] DashBoard - Customer Dashboard components initialized
[INFO ] 2023-11-18 17:45:18.179 [AWT-EventQueue-0] DashBoard - Customer Dashboard components initialized
[INFO ] 2023-11-18 17:45:18.185 [AWT-EventQueue-0] DashBoard - Items added to Account and Cart Menus
[INFO ] 2023-11-18 17:45:18.186 [AWT-EventQueue-0] DashBoard - Account and Cart Menus added to Menu Bar
[INFO ] 2023-11-18 17:45:18.186 [AWT-EventQueue-0] DashBoard - Tree Structure created
[INFO ] 2023-11-18 17:45:18.201 [AWT-EventQueue-0] DashBoard - Nodes added to Tree
[INFO ] 2023-11-18 17:45:18.209 [AWT-EventQueue-0] DashBoard - Components added to Window
[INFO ] 2023-11-18 17:45:18.230 [AWT-EventQueue-0] DashBoard - Window Properties set
[INFO ] 2023-11-18 17:45:18.237 [AWT-EventQueue-0] DashBoard - Customer Dashboard created
[INFO ] 2023-11-18 17:45:18.237 [AWT-EventQueue-0] CustomerClientController - Customer logged in, Dashboard displayed
[INFO ] 2023-11-18 17:46:07.356 [main] CustomerClientController - Customer Client Test Info message
[INFO ] 2023-11-18 17:46:08.326 [main] Login - Login Components initialized
[INFO ] 2023-11-18 17:46:08.329 [main] Login - Compenents added to Panel
[INFO ] 2023-11-18 17:46:08.329 [main] Login - Panel added to Frame
[INFO ] 2023-11-18 17:46:08.960 [main] Login - Window Prperties set
[INFO ] 2023-11-18 17:46:08.984 [main] Login - Login Page Listeners initialized
[INFO ] 2023-11-18 17:46:08.985 [main] Login - Login Page created
[INFO ] 2023-11-18 17:46:09.010 [main] CustomerClientController - Employee Client established connection
[INFO ] 2023-11-18 17:46:09.144 [main] CustomerClientController - Employee Client streams initialized
[INFO ] 2023-11-18 17:46:09.145 [main] CustomerClientController - Customer Client initialized
[INFO ] 2023-11-18 17:46:12.377 [AWT-EventQueue-0] CustomerClientController - Page cleared
[INFO ] 2023-11-18 17:46:12.398 [AWT-EventQueue-0] SignUp - Sign Up Components initialized
[INFO ] 2023-11-18 17:46:12.399 [AWT-EventQueue-0] SignUp - Compenets added to Panel
[INFO ] 2023-11-18 17:46:12.402 [AWT-EventQueue-0] SignUp - Panel added to Frame
[INFO ] 2023-11-18 17:46:12.647 [AWT-EventQueue-0] SignUp - Window Properties set
[INFO ] 2023-11-18 17:46:12.650 [AWT-EventQueue-0] SignUp - Sign Up Page created
[INFO ] 2023-11-18 17:46:12.651 [AWT-EventQueue-0] CustomerClientController - Sign up page displayed
[INFO ] 2023-11-18 17:46:28.880 [AWT-EventQueue-0] Customer - Input accepted, Customer initialized
[INFO ] 2023-11-18 17:46:28.885 [AWT-EventQueue-0] CustomerClientController - Action sent to Server
[INFO ] 2023-11-18 17:46:28.890 [AWT-EventQueue-0] CustomerClientController - Customer sent to Server
[INFO ] 2023-11-18 17:46:29.818 [AWT-EventQueue-0] CustomerClientController - Customer Record added to Database
[INFO ] 2023-11-18 17:46:30.855 [AWT-EventQueue-0] Login - Login Components initialized
[INFO ] 2023-11-18 17:46:30.856 [AWT-EventQueue-0] Login - Compenents added to Panel
[INFO ] 2023-11-18 17:46:30.856 [AWT-EventQueue-0] Login - Panel added to Frame
[INFO ] 2023-11-18 17:46:30.894 [AWT-EventQueue-0] Login - Window Prperties set
[INFO ] 2023-11-18 17:46:30.894 [AWT-EventQueue-0] Login - Login Page Listeners initialized
[INFO ] 2023-11-18 17:46:30.894 [AWT-EventQueue-0] Login - Login Page created
[INFO ] 2023-11-18 17:46:30.895 [AWT-EventQueue-0] CustomerClientController - Returned to Login page
[INFO ] 2023-11-18 17:46:34.591 [AWT-EventQueue-0] CustomerClientController - Action sent to Server
[INFO ] 2023-11-18 17:46:34.592 [AWT-EventQueue-0] CustomerClientController - Username sent to server
[INFO ] 2023-11-18 17:46:34.606 [AWT-EventQueue-0] CustomerClientController - Customer not found from database
[INFO ] 2023-11-18 18:45:35.558 [main] CustomerClientController - Customer Client Test Info message
[INFO ] 2023-11-18 18:45:36.257 [main] Login - Login Components initialized
[INFO ] 2023-11-18 18:45:36.260 [main] Login - Compenents added to Panel
[INFO ] 2023-11-18 18:45:36.261 [main] Login - Panel added to Frame
[INFO ] 2023-11-18 18:45:36.831 [main] Login - Window Prperties set
[INFO ] 2023-11-18 18:45:36.850 [main] Login - Login Page Listeners initialized
[INFO ] 2023-11-18 18:45:36.850 [main] Login - Login Page created
[INFO ] 2023-11-18 18:45:36.872 [main] CustomerClientController - Employee Client established connection
[INFO ] 2023-11-18 18:45:37.356 [main] CustomerClientController - Employee Client streams initialized
[INFO ] 2023-11-18 18:45:37.357 [main] CustomerClientController - Customer Client initialized
[INFO ] 2023-11-18 18:45:42.597 [AWT-EventQueue-0] CustomerClientController - Page cleared
[INFO ] 2023-11-18 18:45:42.621 [AWT-EventQueue-0] SignUp - Sign Up Components initialized
[INFO ] 2023-11-18 18:45:42.622 [AWT-EventQueue-0] SignUp - Compenets added to Panel
[INFO ] 2023-11-18 18:45:42.624 [AWT-EventQueue-0] SignUp - Panel added to Frame
[INFO ] 2023-11-18 18:45:42.645 [AWT-EventQueue-0] SignUp - Window Properties set
[INFO ] 2023-11-18 18:45:42.649 [AWT-EventQueue-0] SignUp - Sign Up Page created
[INFO ] 2023-11-18 18:45:42.649 [AWT-EventQueue-0] CustomerClientController - Sign up page displayed
[INFO ] 2023-11-18 18:45:55.311 [AWT-EventQueue-0] Customer - Input accepted, Customer initialized
[INFO ] 2023-11-18 18:45:55.317 [AWT-EventQueue-0] CustomerClientController - Action sent to Server
[INFO ] 2023-11-18 18:45:55.321 [AWT-EventQueue-0] CustomerClientController - Customer sent to Server
[INFO ] 2023-11-18 18:45:59.381 [AWT-EventQueue-0] CustomerClientController - Customer Record added to Database
[INFO ] 2023-11-18 18:46:00.427 [AWT-EventQueue-0] Login - Login Components initialized
[INFO ] 2023-11-18 18:46:00.427 [AWT-EventQueue-0] Login - Compenents added to Panel
[INFO ] 2023-11-18 18:46:00.428 [AWT-EventQueue-0] Login - Panel added to Frame
[INFO ] 2023-11-18 18:46:00.452 [AWT-EventQueue-0] Login - Window Prperties set
[INFO ] 2023-11-18 18:46:00.453 [AWT-EventQueue-0] Login - Login Page Listeners initialized
[INFO ] 2023-11-18 18:46:00.453 [AWT-EventQueue-0] Login - Login Page created
[INFO ] 2023-11-18 18:46:00.453 [AWT-EventQueue-0] CustomerClientController - Returned to Login page
[INFO ] 2023-11-18 18:46:04.013 [AWT-EventQueue-0] CustomerClientController - Action sent to Server
[INFO ] 2023-11-18 18:46:04.013 [AWT-EventQueue-0] CustomerClientController - Username sent to server
[INFO ] 2023-11-18 18:46:04.114 [AWT-EventQueue-0] Customer - Customer ID returned
[INFO ] 2023-11-18 18:46:04.119 [AWT-EventQueue-0] CustomerClientController - Page cleared
[INFO ] 2023-11-18 18:46:04.316 [AWT-EventQueue-0] DashBoard - Customer Dashboard components initialized
[INFO ] 2023-11-18 18:46:04.406 [AWT-EventQueue-0] DashBoard - Customer Dashboard components initialized
[INFO ] 2023-11-18 18:46:04.413 [AWT-EventQueue-0] DashBoard - Items added to Account and Cart Menus
[INFO ] 2023-11-18 18:46:04.413 [AWT-EventQueue-0] DashBoard - Account and Cart Menus added to Menu Bar
[INFO ] 2023-11-18 18:46:04.413 [AWT-EventQueue-0] DashBoard - Tree Structure created
[INFO ] 2023-11-18 18:46:04.427 [AWT-EventQueue-0] DashBoard - Nodes added to Tree
[INFO ] 2023-11-18 18:46:04.433 [AWT-EventQueue-0] DashBoard - Components added to Window
[INFO ] 2023-11-18 18:46:04.459 [AWT-EventQueue-0] DashBoard - Window Properties set
[INFO ] 2023-11-18 18:46:04.463 [AWT-EventQueue-0] DashBoard - Customer Dashboard created
[INFO ] 2023-11-18 18:46:04.463 [AWT-EventQueue-0] CustomerClientController - Customer logged in, Dashboard displayed
[INFO ] 2023-11-18 18:46:34.631 [AWT-EventQueue-0] CustomerClientController - Action sent to Server
[INFO ] 2023-11-18 18:46:34.635 [AWT-EventQueue-0] CustomerClientController - Customer sent to Server
[INFO ] 2023-11-18 18:46:35.880 [AWT-EventQueue-0] CustomerClientController - Employee Client connection closed
[INFO ] 2023-11-18 18:46:35.914 [AWT-EventQueue-0] Login - Login Components initialized
[INFO ] 2023-11-18 18:46:35.915 [AWT-EventQueue-0] Login - Compenents added to Panel
[INFO ] 2023-11-18 18:46:35.915 [AWT-EventQueue-0] Login - Panel added to Frame
[INFO ] 2023-11-18 18:46:35.934 [AWT-EventQueue-0] Login - Window Prperties set
[INFO ] 2023-11-18 18:46:35.935 [AWT-EventQueue-0] Login - Login Page Listeners initialized
[INFO ] 2023-11-18 18:46:35.935 [AWT-EventQueue-0] Login - Login Page created
[INFO ] 2023-11-18 18:46:35.935 [AWT-EventQueue-0] CustomerClientController - Returned to Login page
[INFO ] 2023-11-18 18:54:51.176 [main] CustomerClientController - Customer Client Test Info message
[INFO ] 2023-11-18 18:54:52.306 [main] Login - Login Components initialized
[INFO ] 2023-11-18 18:54:52.310 [main] Login - Compenents added to Panel
[INFO ] 2023-11-18 18:54:52.311 [main] Login - Panel added to Frame
[INFO ] 2023-11-18 18:54:53.195 [main] Login - Window Prperties set
[INFO ] 2023-11-18 18:54:53.216 [main] Login - Login Page Listeners initialized
[INFO ] 2023-11-18 18:54:53.217 [main] Login - Login Page created
[INFO ] 2023-11-18 18:54:53.235 [main] CustomerClientController - Employee Client established connection
[INFO ] 2023-11-18 18:54:53.710 [main] CustomerClientController - Employee Client streams initialized
[INFO ] 2023-11-18 18:54:53.710 [main] CustomerClientController - Customer Client initialized
[INFO ] 2023-11-18 18:55:20.038 [AWT-EventQueue-0] CustomerClientController - Action sent to Server
[INFO ] 2023-11-18 18:55:20.040 [AWT-EventQueue-0] CustomerClientController - Username sent to server
[INFO ] 2023-11-18 18:55:23.552 [AWT-EventQueue-0] Customer - Customer ID returned
[INFO ] 2023-11-18 18:55:23.560 [AWT-EventQueue-0] CustomerClientController - Page cleared
[INFO ] 2023-11-18 18:55:23.802 [AWT-EventQueue-0] DashBoard - Customer Dashboard components initialized
[INFO ] 2023-11-18 18:55:23.887 [AWT-EventQueue-0] DashBoard - Customer Dashboard components initialized
[INFO ] 2023-11-18 18:55:23.894 [AWT-EventQueue-0] DashBoard - Items added to Account and Cart Menus
[INFO ] 2023-11-18 18:55:23.896 [AWT-EventQueue-0] DashBoard - Account and Cart Menus added to Menu Bar
[INFO ] 2023-11-18 18:55:23.896 [AWT-EventQueue-0] DashBoard - Tree Structure created
[INFO ] 2023-11-18 18:55:23.912 [AWT-EventQueue-0] DashBoard - Nodes added to Tree
[INFO ] 2023-11-18 18:55:23.917 [AWT-EventQueue-0] DashBoard - Components added to Window
[INFO ] 2023-11-18 18:55:23.950 [AWT-EventQueue-0] DashBoard - Window Properties set
[INFO ] 2023-11-18 18:55:23.956 [AWT-EventQueue-0] DashBoard - Customer Dashboard created
[INFO ] 2023-11-18 18:55:23.956 [AWT-EventQueue-0] CustomerClientController - Customer logged in, Dashboard displayed
[INFO ] 2023-11-18 18:55:55.534 [AWT-EventQueue-0] CustomerClientController - Action sent to Server
[INFO ] 2023-11-18 18:55:55.538 [AWT-EventQueue-0] CustomerClientController - Customer sent to Server
[INFO ] 2023-11-18 18:55:57.078 [AWT-EventQueue-0] CustomerClientController - Employee Client connection closed
[INFO ] 2023-11-18 18:55:57.105 [AWT-EventQueue-0] Login - Login Components initialized
[INFO ] 2023-11-18 18:55:57.106 [AWT-EventQueue-0] Login - Compenents added to Panel
[INFO ] 2023-11-18 18:55:57.106 [AWT-EventQueue-0] Login - Panel added to Frame
[INFO ] 2023-11-18 18:55:57.135 [AWT-EventQueue-0] Login - Window Prperties set
[INFO ] 2023-11-18 18:55:57.136 [AWT-EventQueue-0] Login - Login Page Listeners initialized
[INFO ] 2023-11-18 18:55:57.136 [AWT-EventQueue-0] Login - Login Page created
[INFO ] 2023-11-18 18:55:57.136 [AWT-EventQueue-0] CustomerClientController - Returned to Login page
[INFO ] 2023-11-18 18:56:25.331 [AWT-EventQueue-0] CustomerClientController - Page cleared
[INFO ] 2023-11-18 18:56:25.355 [AWT-EventQueue-0] SignUp - Sign Up Components initialized
[INFO ] 2023-11-18 18:56:25.355 [AWT-EventQueue-0] SignUp - Compenets added to Panel
[INFO ] 2023-11-18 18:56:25.359 [AWT-EventQueue-0] SignUp - Panel added to Frame
[INFO ] 2023-11-18 18:56:25.367 [AWT-EventQueue-0] SignUp - Window Properties set
[INFO ] 2023-11-18 18:56:25.368 [AWT-EventQueue-0] SignUp - Sign Up Page created
[INFO ] 2023-11-18 18:56:25.369 [AWT-EventQueue-0] CustomerClientController - Sign up page displayed
[INFO ] 2023-11-18 18:56:37.450 [AWT-EventQueue-0] Customer - Input accepted, Customer initialized
[ERROR] 2023-11-18 18:56:37.466 [AWT-EventQueue-0] CustomerClientController - Action failed: Socket closed
[ERROR] 2023-11-18 18:56:37.468 [AWT-EventQueue-0] CustomerClientController - Customer failed to be sent: Socket closed
[ERROR] 2023-11-18 18:56:37.468 [AWT-EventQueue-0] CustomerClientController - Failed to recieve response: Socket closed
[INFO ] 2023-11-18 18:56:38.846 [AWT-EventQueue-0] Login - Login Components initialized
[INFO ] 2023-11-18 18:56:38.848 [AWT-EventQueue-0] Login - Compenents added to Panel
[INFO ] 2023-11-18 18:56:38.848 [AWT-EventQueue-0] Login - Panel added to Frame
[INFO ] 2023-11-18 18:56:38.883 [AWT-EventQueue-0] Login - Window Prperties set
[INFO ] 2023-11-18 18:56:38.883 [AWT-EventQueue-0] Login - Login Page Listeners initialized
[INFO ] 2023-11-18 18:56:38.883 [AWT-EventQueue-0] Login - Login Page created
[INFO ] 2023-11-18 18:56:38.883 [AWT-EventQueue-0] CustomerClientController - Returned to Login page
[INFO ] 2023-11-18 18:56:43.582 [AWT-EventQueue-0] CustomerClientController - Action sent to Server
[INFO ] 2023-11-18 18:56:43.582 [AWT-EventQueue-0] CustomerClientController - Username sent to server
[ERROR] 2023-11-18 18:56:43.582 [AWT-EventQueue-0] CustomerClientController - Failed to recieve response: Socket closed
[INFO ] 2023-11-18 18:57:00.361 [AWT-EventQueue-0] CustomerClientController - Page cleared
[INFO ] 2023-11-18 18:57:00.380 [AWT-EventQueue-0] SignUp - Sign Up Components initialized
[INFO ] 2023-11-18 18:57:00.380 [AWT-EventQueue-0] SignUp - Compenets added to Panel
[INFO ] 2023-11-18 18:57:00.382 [AWT-EventQueue-0] SignUp - Panel added to Frame
[INFO ] 2023-11-18 18:57:00.393 [AWT-EventQueue-0] SignUp - Window Properties set
[INFO ] 2023-11-18 18:57:00.393 [AWT-EventQueue-0] SignUp - Sign Up Page created
[INFO ] 2023-11-18 18:57:00.393 [AWT-EventQueue-0] CustomerClientController - Sign up page displayed
[INFO ] 2023-11-18 18:57:10.549 [AWT-EventQueue-0] Customer - Input accepted, Customer initialized
[INFO ] 2023-11-18 18:57:10.554 [AWT-EventQueue-0] CustomerClientController - Action sent to Server
[ERROR] 2023-11-18 18:57:10.557 [AWT-EventQueue-0] CustomerClientController - Customer failed to be sent: Socket closed
[ERROR] 2023-11-18 18:57:10.558 [AWT-EventQueue-0] CustomerClientController - Failed to recieve response: Socket closed
[INFO ] 2023-11-18 18:57:12.049 [AWT-EventQueue-0] Login - Login Components initialized
[INFO ] 2023-11-18 18:57:12.053 [AWT-EventQueue-0] Login - Compenents added to Panel
[INFO ] 2023-11-18 18:57:12.053 [AWT-EventQueue-0] Login - Panel added to Frame
[INFO ] 2023-11-18 18:57:12.084 [AWT-EventQueue-0] Login - Window Prperties set
[INFO ] 2023-11-18 18:57:12.085 [AWT-EventQueue-0] Login - Login Page Listeners initialized
[INFO ] 2023-11-18 18:57:12.085 [AWT-EventQueue-0] Login - Login Page created
[INFO ] 2023-11-18 18:57:12.085 [AWT-EventQueue-0] CustomerClientController - Returned to Login page
[INFO ] 2023-11-18 18:58:20.124 [main] CustomerClientController - Customer Client Test Info message
[INFO ] 2023-11-18 18:58:21.189 [main] Login - Login Components initialized
[INFO ] 2023-11-18 18:58:21.191 [main] Login - Compenents added to Panel
[INFO ] 2023-11-18 18:58:21.192 [main] Login - Panel added to Frame
[INFO ] 2023-11-18 18:58:22.098 [main] Login - Window Prperties set
[INFO ] 2023-11-18 18:58:22.115 [main] Login - Login Page Listeners initialized
[INFO ] 2023-11-18 18:58:22.116 [main] Login - Login Page created
[INFO ] 2023-11-18 18:58:22.139 [main] CustomerClientController - Employee Client established connection
[INFO ] 2023-11-18 18:58:22.373 [main] CustomerClientController - Employee Client streams initialized
[INFO ] 2023-11-18 18:58:22.374 [main] CustomerClientController - Customer Client initialized
[INFO ] 2023-11-18 18:58:26.433 [AWT-EventQueue-0] CustomerClientController - Page cleared
[INFO ] 2023-11-18 18:58:26.456 [AWT-EventQueue-0] SignUp - Sign Up Components initialized
[INFO ] 2023-11-18 18:58:26.457 [AWT-EventQueue-0] SignUp - Compenets added to Panel
[INFO ] 2023-11-18 18:58:26.460 [AWT-EventQueue-0] SignUp - Panel added to Frame
[INFO ] 2023-11-18 18:58:26.475 [AWT-EventQueue-0] SignUp - Window Properties set
[INFO ] 2023-11-18 18:58:26.479 [AWT-EventQueue-0] SignUp - Sign Up Page created
[INFO ] 2023-11-18 18:58:26.479 [AWT-EventQueue-0] CustomerClientController - Sign up page displayed
[INFO ] 2023-11-18 18:58:35.845 [AWT-EventQueue-0] Customer - Input accepted, Customer initialized
[INFO ] 2023-11-18 18:58:35.852 [AWT-EventQueue-0] CustomerClientController - Action sent to Server
[INFO ] 2023-11-18 18:58:35.858 [AWT-EventQueue-0] CustomerClientController - Customer sent to Server
[INFO ] 2023-11-18 18:58:36.507 [AWT-EventQueue-0] CustomerClientController - Customer Record added to Database
[INFO ] 2023-11-18 18:58:37.262 [AWT-EventQueue-0] Login - Login Components initialized
[INFO ] 2023-11-18 18:58:37.263 [AWT-EventQueue-0] Login - Compenents added to Panel
[INFO ] 2023-11-18 18:58:37.264 [AWT-EventQueue-0] Login - Panel added to Frame
[INFO ] 2023-11-18 18:58:37.290 [AWT-EventQueue-0] Login - Window Prperties set
[INFO ] 2023-11-18 18:58:37.290 [AWT-EventQueue-0] Login - Login Page Listeners initialized
[INFO ] 2023-11-18 18:58:37.290 [AWT-EventQueue-0] Login - Login Page created
[INFO ] 2023-11-18 18:58:37.291 [AWT-EventQueue-0] CustomerClientController - Returned to Login page
