[INFO ] 2023-11-17 08:43:06.067 [main] EmployeeClientController - Client Test Info message
[INFO ] 2023-11-17 08:43:07.724 [main] Login - Login Components initialized
[INFO ] 2023-11-17 08:43:07.726 [main] Login - Compenents added to Panel
[INFO ] 2023-11-17 08:43:07.726 [main] Login - Panel added to Frame
[INFO ] 2023-11-17 08:43:08.328 [main] Login - Window Prperties set
[INFO ] 2023-11-17 08:43:08.340 [main] Login - Login Page Listeners initialized
[INFO ] 2023-11-17 08:43:08.340 [main] Login - Login Page created
[INFO ] 2023-11-17 08:43:08.357 [main] EmployeeClientController - Employee Client established connection
[INFO ] 2023-11-17 08:43:08.373 [main] EmployeeClientController - Employee Client streams initialized
[INFO ] 2023-11-17 08:43:08.373 [main] EmployeeClientController - Employee Client initialized
[INFO ] 2023-11-17 08:59:31.203 [main] EmployeeClientController - Client Test Info message
[INFO ] 2023-11-17 08:59:32.728 [main] Login - Login Components initialized
[INFO ] 2023-11-17 08:59:32.729 [main] Login - Compenents added to Panel
[INFO ] 2023-11-17 08:59:32.730 [main] Login - Panel added to Frame
[INFO ] 2023-11-17 08:59:33.326 [main] Login - Window Prperties set
[INFO ] 2023-11-17 08:59:33.343 [main] Login - Login Page Listeners initialized
[INFO ] 2023-11-17 08:59:33.343 [main] Login - Login Page created
[INFO ] 2023-11-17 08:59:33.359 [main] EmployeeClientController - Employee Client established connection
[INFO ] 2023-11-17 08:59:33.385 [main] EmployeeClientController - Employee Client streams initialized
[INFO ] 2023-11-17 08:59:33.386 [main] EmployeeClientController - Employee Client initialized
[INFO ] 2023-11-17 09:14:13.478 [main] EmployeeClientController - Client Test Info message
[INFO ] 2023-11-17 09:14:14.913 [main] Login - Login Components initialized
[INFO ] 2023-11-17 09:14:14.915 [main] Login - Compenents added to Panel
[INFO ] 2023-11-17 09:14:14.916 [main] Login - Panel added to Frame
[INFO ] 2023-11-17 09:14:15.668 [main] Login - Window Prperties set
[INFO ] 2023-11-17 09:14:15.690 [main] Login - Login Page Listeners initialized
[INFO ] 2023-11-17 09:14:15.692 [main] Login - Login Page created
[INFO ] 2023-11-17 09:14:15.713 [main] EmployeeClientController - Employee Client established connection
[INFO ] 2023-11-17 09:14:15.740 [main] EmployeeClientController - Employee Client streams initialized
[INFO ] 2023-11-17 09:14:15.740 [main] EmployeeClientController - Employee Client initialized
[INFO ] 2023-11-17 09:14:25.303 [main] EmployeeClientController - Client Test Info message
[INFO ] 2023-11-17 09:14:25.784 [main] Login - Login Components initialized
[INFO ] 2023-11-17 09:14:25.787 [main] Login - Compenents added to Panel
[INFO ] 2023-11-17 09:14:25.787 [main] Login - Panel added to Frame
[INFO ] 2023-11-17 09:14:26.215 [main] Login - Window Prperties set
[INFO ] 2023-11-17 09:14:26.228 [main] Login - Login Page Listeners initialized
[INFO ] 2023-11-17 09:14:26.229 [main] Login - Login Page created
[INFO ] 2023-11-17 09:14:26.246 [main] EmployeeClientController - Employee Client established connection
[INFO ] 2023-11-17 09:14:26.261 [main] EmployeeClientController - Employee Client streams initialized
[INFO ] 2023-11-17 09:14:26.261 [main] EmployeeClientController - Employee Client initialized
[INFO ] 2023-11-17 09:14:26.679 [main] EmployeeClientController - Client Test Info message
[INFO ] 2023-11-17 09:14:27.088 [main] Login - Login Components initialized
[INFO ] 2023-11-17 09:14:27.091 [main] Login - Compenents added to Panel
[INFO ] 2023-11-17 09:14:27.091 [main] Login - Panel added to Frame
[INFO ] 2023-11-17 09:14:27.543 [main] Login - Window Prperties set
[INFO ] 2023-11-17 09:14:27.560 [main] Login - Login Page Listeners initialized
[INFO ] 2023-11-17 09:14:27.561 [main] Login - Login Page created
[INFO ] 2023-11-17 09:14:27.574 [main] EmployeeClientController - Employee Client established connection
[INFO ] 2023-11-17 09:14:27.583 [main] EmployeeClientController - Employee Client streams initialized
[INFO ] 2023-11-17 09:14:27.583 [main] EmployeeClientController - Employee Client initialized
